Log file open, 11/17/21 20:47:40
LogWindows: Failed to load 'aqProf.dll' (GetLastError=126)
LogWindows: File 'aqProf.dll' does not exist
LogWindows: Failed to load 'VSPerf140.dll' (GetLastError=126)
LogWindows: File 'VSPerf140.dll' does not exist
LogWindows: Failed to load 'VtuneApi.dll' (GetLastError=126)
LogWindows: File 'VtuneApi.dll' does not exist
LogWindows: Failed to load 'VtuneApi32e.dll' (GetLastError=126)
LogWindows: File 'VtuneApi32e.dll' does not exist
LogInit: Display: Running engine for game: Jj
LogPlatformFile: Not using cached read wrapper
LogTaskGraph: Started task graph with 5 named threads and 23 total threads with 3 sets of task threads.
LogStats: Stats thread started at 0.404563
LogD3D11RHI: Loaded GFSDK_Aftermath_Lib.x64.dll
LogICUInternationalization: Display: ICU TimeZone Detection - Raw Offset: +3:00, Platform Override: ''
LogPluginManager: Mounting plugin Paper2D
LogPluginManager: Mounting plugin AISupport
LogPluginManager: Mounting plugin LightPropagationVolume
LogPluginManager: Mounting plugin CLionSourceCodeAccess
LogPluginManager: Mounting plugin CodeLiteSourceCodeAccess
LogPluginManager: Mounting plugin GitSourceControl
LogPluginManager: Mounting plugin KDevelopSourceCodeAccess
LogPluginManager: Mounting plugin NullSourceCodeAccess
LogPluginManager: Mounting plugin PerforceSourceControl
LogPluginManager: Mounting plugin SubversionSourceControl
LogPluginManager: Mounting plugin UObjectPlugin
LogPluginManager: Mounting plugin VisualStudioCodeSourceCodeAccess
LogPluginManager: Mounting plugin VisualStudioSourceCodeAccess
LogPluginManager: Mounting plugin XCodeSourceCodeAccess
LogPluginManager: Mounting plugin AssetManagerEditor
LogPluginManager: Mounting plugin CryptoKeys
LogPluginManager: Mounting plugin DataValidation
LogPluginManager: Mounting plugin FacialAnimation
LogPluginManager: Mounting plugin GameplayTagsEditor
LogPluginManager: Mounting plugin MacGraphicsSwitching
LogPluginManager: Mounting plugin MeshEditor
LogPluginManager: Mounting plugin MobileLauncherProfileWizard
LogPluginManager: Mounting plugin PluginBrowser
LogPluginManager: Mounting plugin SpeedTreeImporter
LogPluginManager: Mounting plugin DatasmithContent
LogPluginManager: Mounting plugin AlembicImporter
LogPluginManager: Mounting plugin AppleImageUtils
LogPluginManager: Mounting plugin AppleVision
LogPluginManager: Mounting plugin BackChannel
LogPluginManager: Mounting plugin CharacterAI
LogPluginManager: Mounting plugin GeometryCache
LogPluginManager: Mounting plugin HTML5Networking
LogPluginManager: Mounting plugin ProxyLODPlugin
LogPluginManager: Mounting plugin MagicLeap
LogPluginManager: Mounting plugin MagicLeapEmulator
LogPluginManager: Mounting plugin MagicLeapMedia
LogPluginManager: Mounting plugin AndroidMedia
LogPluginManager: Mounting plugin AvfMedia
LogPluginManager: Mounting plugin ImgMedia
LogPluginManager: Mounting plugin LinearTimecode
LogPluginManager: Mounting plugin MediaCompositing
LogPluginManager: Mounting plugin MediaPlayerEditor
LogPluginManager: Mounting plugin WmfMedia
LogPluginManager: Mounting plugin TcpMessaging
LogPluginManager: Mounting plugin UdpMessaging
LogPluginManager: Mounting plugin ActorSequence
LogPluginManager: Mounting plugin LevelSequenceEditor
LogPluginManager: Mounting plugin MatineeToLevelSequence
LogPluginManager: Mounting plugin NetcodeUnitTest
LogPluginManager: Mounting plugin NUTUnrealEngine4
LogPluginManager: Mounting plugin OnlineSubsystemGooglePlay
LogPluginManager: Mounting plugin OnlineSubsystemIOS
LogPluginManager: Mounting plugin OnlineSubsystem
LogPluginManager: Mounting plugin OnlineSubsystemNull
LogPluginManager: Mounting plugin OnlineSubsystemUtils
LogPluginManager: Mounting plugin LauncherChunkInstaller
LogPluginManager: Mounting plugin AndroidDeviceProfileSelector
LogPluginManager: Mounting plugin AndroidMoviePlayer
LogPluginManager: Mounting plugin AndroidPermission
LogPluginManager: Mounting plugin ApexDestruction
LogPluginManager: Mounting plugin AppleMoviePlayer
LogPluginManager: Mounting plugin ArchVisCharacter
LogPluginManager: Mounting plugin AudioCapture
LogPluginManager: Mounting plugin CableComponent
LogPluginManager: Mounting plugin CustomMeshComponent
LogPluginManager: Mounting plugin EditableMesh
LogPluginManager: Mounting plugin ExampleDeviceProfileSelector
LogPluginManager: Mounting plugin GoogleCloudMessaging
LogPluginManager: Mounting plugin ImmediatePhysics
LogPluginManager: Mounting plugin IOSDeviceProfileSelector
LogPluginManager: Mounting plugin LinuxDeviceProfileSelector
LogPluginManager: Mounting plugin LocationServicesBPLibrary
LogPluginManager: Mounting plugin MobilePatchingUtils
LogPluginManager: Mounting plugin OculusVR
LogPluginManager: Plugin shader directory ../../../Engine/Plugins/Runtime/Oculus/OculusVR/Shaders found
LogPluginManager: Mapping shader source directory ../../../Engine/Plugins/Runtime/Oculus/OculusVR/Shaders to virtual directory /Plugin/OculusVR
LogPluginManager: Mounting plugin PhysXVehicles
LogPluginManager: Mounting plugin ProceduralMeshComponent
LogPluginManager: Mounting plugin RuntimePhysXCooking
LogPluginManager: Mounting plugin SteamVR
LogPluginManager: Mounting plugin WindowsMoviePlayer
LogStreaming: Display: Took  0.523s to configure plugins.
LogInit: Using libcurl 7.55.1-DEV
LogInit:  - built for x86_64-pc-win32
LogInit:  - supports SSL with OpenSSL/1.0.2h
LogInit:  - supports HTTP deflate (compression) using libz 1.2.8
LogInit:  - other features:
LogInit:      CURL_VERSION_SSL
LogInit:      CURL_VERSION_LIBZ
LogInit:      CURL_VERSION_IPV6
LogInit:      CURL_VERSION_ASYNCHDNS
LogInit:      CURL_VERSION_LARGEFILE
LogInit:      CURL_VERSION_IDN
LogInit:  CurlRequestOptions (configurable via config and command line):
LogInit:  - bVerifyPeer = false  - Libcurl will NOT verify peer certificate
LogInit:  - bUseHttpProxy = false  - Libcurl will NOT use HTTP proxy
LogInit:  - bDontReuseConnections = false  - Libcurl will reuse connections
LogInit:  - CertBundlePath = nullptr  - Libcurl will use whatever was configured at build time.
LogInit:  - MaxHostConnections = 16  - Libcurl will limit the number of connections to a host
LogInit:  - LocalHostAddr = Default
LogInit:  - BufferSize = 65536
LogInit: WinSock: version 1.1 (2.2), MaxSocks=32767, MaxUdp=65467
LogInit: Build: ++UE4+Release-4.20-CL-4369336
LogInit: Engine Version: 4.20.3-4369336+++UE4+Release-4.20
LogInit: Compatible Engine Version: 4.20.0-4212847+++UE4+Release-4.20
LogInit: Net CL: 4212847
LogInit: OS: Windows 10 (), CPU:          Intel(R) Xeon(R) CPU E31260L @ 2.40GHz, GPU: AMD Radeon R7 200 Series
LogInit: Compiled (64-bit): Sep 17 2018 12:26:19
LogInit: Compiled with Visual C++: 19.13.26129.00
LogInit: Build Configuration: Development
LogInit: Branch Name: ++UE4+Release-4.20
LogInit: Command Line: -EpicPortal  -epicusername="Davidulik30" -epicuserid=9ed3c8eca7434079be07eca0419c53dd -epiclocale=ru -epicsandboxid=ue
LogInit: Base Directory: D:/UE4/UE_4.20/Engine/Binaries/Win64/
LogInit: Installed Engine Build: 1
LogDevObjectVersion: Number of dev versions registered: 20
LogDevObjectVersion:   Dev-Blueprints (B0D832E4-1F89-4F0D-ACCF-7EB736FD4AA2): 10
LogDevObjectVersion:   Dev-Build (E1C64328-A22C-4D53-A36C-8E866417BD8C): 0
LogDevObjectVersion:   Dev-Core (375EC13C-06E4-48FB-B500-84F0262A717E): 2
LogDevObjectVersion:   Dev-Editor (E4B068ED-F494-42E9-A231-DA0B2E46BB41): 24
LogDevObjectVersion:   Dev-Framework (CFFC743F-43B0-4480-9391-14DF171D2073): 34
LogDevObjectVersion:   Dev-Mobile (B02B49B5-BB20-44E9-A304-32B752E40360): 2
LogDevObjectVersion:   Dev-Networking (A4E4105C-59A1-49B5-A7C5-40C4547EDFEE): 0
LogDevObjectVersion:   Dev-Online (39C831C9-5AE6-47DC-9A44-9C173E1C8E7C): 0
LogDevObjectVersion:   Dev-Physics (78F01B33-EBEA-4F98-B9B4-84EACCB95AA2): 0
LogDevObjectVersion:   Dev-Platform (6631380F-2D4D-43E0-8009-CF276956A95A): 0
LogDevObjectVersion:   Dev-Rendering (12F88B9F-8875-4AFC-A67C-D90C383ABD29): 26
LogDevObjectVersion:   Dev-Sequencer (7B5AE74C-D270-4C10-A958-57980B212A5A): 9
LogDevObjectVersion:   Dev-VR (D7296918-1DD6-4BDD-9DE2-64A83CC13884): 2
LogDevObjectVersion:   Dev-LoadTimes (C2A15278-BFE7-4AFE-6C17-90FF531DF755): 1
LogDevObjectVersion:   Private-Geometry (6EACA3D4-40EC-4CC1-B786-8BED09428FC5): 3
LogDevObjectVersion:   Dev-AnimPhys (29E575DD-E0A3-4627-9D10-D276232CDCEA): 17
LogDevObjectVersion:   Dev-ReflectionCapture (6B266CEC-1EC7-4B8F-A30B-E4D90942FC07): 1
LogDevObjectVersion:   Dev-Automation (0DF73D61-A23F-47EA-B727-89E90C41499A): 1
LogDevObjectVersion:   FortniteMain (601D1886-AC64-4F84-AA16-D3DE0DEAC7D6): 12
LogDevObjectVersion:   Dev-Enterprise (9DFFBCD6-494F-0158-E221-12823C92A888): 1
LogStreaming: Display: Took  0.015s to delete old logs.
LogInit: Presizing for max 8388607 objects, including 0 objects not considered by GC, pre-allocating 0 bytes for permanent pool.
LogInit: Object subsystem initialized
[2021.11.17-17.47.41:285][  0]LogInit: Selected Device Profile: [Windows]
[2021.11.17-17.47.41:285][  0]LogInit: Applying CVar settings loaded from the selected device profile: [Windows]
[2021.11.17-17.47.41:319][  0]LogHAL: Display: Platform has ~ 8 GB [8571371520 / 8589934592 / 8], which maps to Default [LargestMinGB=32, LargerMinGB=12, DefaultMinGB=8, SmallerMinGB=6, SmallestMinGB=0)
[2021.11.17-17.47.41:319][  0]LogInit: Setting Device Profile CVar: [[r.Vulkan.UseRealUBs:1]]
[2021.11.17-17.47.41:319][  0]LogInit: Going up to parent DeviceProfile []
[2021.11.17-17.47.41:319][  0]LogInit: Computer: DESKTOP-IPFS9K7
[2021.11.17-17.47.41:319][  0]LogInit: User: begku
[2021.11.17-17.47.41:319][  0]LogInit: CPU Page size=4096, Cores=4
[2021.11.17-17.47.41:319][  0]LogInit: High frequency timer resolution =10.000000 MHz
[2021.11.17-17.47.41:320][  0]LogMemory: Memory total: Physical=8.0GB (8GB approx)
[2021.11.17-17.47.41:320][  0]LogMemory: Platform Memory Stats for Windows
[2021.11.17-17.47.41:320][  0]LogMemory: Process Physical Memory: 103.20 MB used, 103.20 MB peak
[2021.11.17-17.47.41:320][  0]LogMemory: Process Virtual Memory: 101.61 MB used, 101.61 MB peak
[2021.11.17-17.47.41:320][  0]LogMemory: Physical Memory: 5487.22 MB used,  2687.07 MB free, 8174.30 MB total
[2021.11.17-17.47.41:320][  0]LogMemory: Virtual Memory: 4639.53 MB used,  2687.07 MB free, 134217728.00 MB total
[2021.11.17-17.47.41:369][  0]LogInit: Using OS detected language (ru-RU).
[2021.11.17-17.47.41:369][  0]LogInit: Using OS detected locale (ru-RU).
[2021.11.17-17.47.41:370][  0]LogTextLocalizationManager: No specific localization for 'ru-RU' exists, so the 'ru' localization will be used.
[2021.11.17-17.47.41:372][  0]LogStreaming: Display: Took  0.003s to InitEngineTextLocalization.
[2021.11.17-17.47.41:372][  0]LogInit: Setting process to per monitor DPI aware
[2021.11.17-17.47.41:407][  0]LogSlate: New Slate User Created.  User Index 0, Is Virtual User: 0
[2021.11.17-17.47.41:407][  0]LogSlate: Slate User Registered.  User Index 0, Is Virtual User: 0
[2021.11.17-17.47.41:684][  0]LogHMD: Failed to initialize OpenVR with code 110
[2021.11.17-17.47.41:684][  0]LogD3D11RHI: D3D11 adapters:
[2021.11.17-17.47.41:736][  0]LogD3D11RHI:    0. 'AMD Radeon R7 200 Series' (Feature Level 11_0)
[2021.11.17-17.47.41:736][  0]LogD3D11RHI:       2028/0/4087 MB DedicatedVideo/DedicatedSystem/SharedSystem, Outputs:1, VendorId:0x1002
[2021.11.17-17.47.41:739][  0]LogD3D11RHI:    1. 'Microsoft Basic Render Driver' (Feature Level 11_0)
[2021.11.17-17.47.41:739][  0]LogD3D11RHI:       0/0/4087 MB DedicatedVideo/DedicatedSystem/SharedSystem, Outputs:0, VendorId:0x1414
[2021.11.17-17.47.41:739][  0]LogD3D11RHI: Chosen D3D11 Adapter: 0
[2021.11.17-17.47.41:744][  0]LogD3D11RHI: Creating new Direct3DDevice
[2021.11.17-17.47.41:744][  0]LogD3D11RHI:     GPU DeviceId: 0x6611 (for the marketing name, search the web for "GPU Device Id")
[2021.11.17-17.47.41:744][  0]LogWindows: EnumDisplayDevices:
[2021.11.17-17.47.41:744][  0]LogWindows:    0. 'AMD Radeon R7 200 Series' (P:1 D:1)
[2021.11.17-17.47.41:745][  0]LogWindows:    1. 'AMD Radeon R7 200 Series' (P:0 D:0)
[2021.11.17-17.47.41:745][  0]LogWindows:    2. 'AMD Radeon R7 200 Series' (P:0 D:0)
[2021.11.17-17.47.41:746][  0]LogWindows:    3. 'AMD Radeon R7 200 Series' (P:0 D:0)
[2021.11.17-17.47.41:746][  0]LogWindows: DebugString: FoundDriverCount:4 
[2021.11.17-17.47.41:746][  0]LogD3D11RHI:     Adapter Name: AMD Radeon R7 200 Series
[2021.11.17-17.47.41:746][  0]LogD3D11RHI:   Driver Version: Adrenalin 2020 21.5.1 (internal:27.20.21003.1028, unified:27.20.21003.1028)
[2021.11.17-17.47.41:746][  0]LogD3D11RHI:      Driver Date: 4-30-2021
[2021.11.17-17.47.41:746][  0]LogRHI: Texture pool is 1419 MB (70% of 2028 MB)
[2021.11.17-17.47.41:801][  0]LogD3D11RHI: Async texture creation enabled
[2021.11.17-17.47.41:825][  0]LogD3D11RHI: GPU Timing Frequency: 27.000000 (Debug: 2 1)
[2021.11.17-17.47.41:831][  0]LogShaderCompilers: Guid format shader working directory is -5 characters bigger than the processId version (../../../../../Game dev/Projects/Unreal projects/Jj/Intermediate/Shaders/WorkingDirectory/6604/).
[2021.11.17-17.47.41:831][  0]LogShaderCompilers: Cleaned the shader compiler working directory 'C:/Users/begku/AppData/Local/Temp/UnrealShaderWorkingDir/D733828344516A4E7094FBBA3BBB9814/'.
[2021.11.17-17.47.42:186][  0]LogTemp: Display: Loaded TP AllDesktopTargetPlatform
[2021.11.17-17.47.42:210][  0]LogTemp: Display: Loaded TP MacClientTargetPlatform
[2021.11.17-17.47.42:231][  0]LogTemp: Display: Loaded TP MacNoEditorTargetPlatform
[2021.11.17-17.47.42:252][  0]LogTemp: Display: Loaded TP MacServerTargetPlatform
[2021.11.17-17.47.42:273][  0]LogTemp: Display: Loaded TP MacTargetPlatform
[2021.11.17-17.47.42:294][  0]LogTemp: Display: Loaded TP WindowsClientTargetPlatform
[2021.11.17-17.47.42:316][  0]LogTemp: Display: Loaded TP WindowsNoEditorTargetPlatform
[2021.11.17-17.47.42:337][  0]LogTemp: Display: Loaded TP WindowsServerTargetPlatform
[2021.11.17-17.47.42:345][  0]LogTemp: Display: Loaded TP WindowsTargetPlatform
[2021.11.17-17.47.42:468][  0]LogTemp: Display: Loaded TP AndroidTargetPlatform
[2021.11.17-17.47.42:468][  0]LogTemp: Display: Loaded TP AndroidTargetPlatform
[2021.11.17-17.47.42:468][  0]LogTemp: Display: Loaded TP AndroidTargetPlatform
[2021.11.17-17.47.42:469][  0]LogTemp: Display: Loaded TP AndroidTargetPlatform
[2021.11.17-17.47.42:469][  0]LogTemp: Display: Loaded TP AndroidTargetPlatform
[2021.11.17-17.47.42:469][  0]LogTemp: Display: Loaded TP AndroidTargetPlatform
[2021.11.17-17.47.42:469][  0]LogTemp: Display: Loaded TP AndroidTargetPlatform
[2021.11.17-17.47.42:469][  0]LogTemp: Display: Loaded TP AndroidTargetPlatform
[2021.11.17-17.47.42:469][  0]LogTemp: Display: Loaded TP AndroidTargetPlatform
[2021.11.17-17.47.42:469][  0]LogTemp: Display: Loaded TP AndroidTargetPlatform
[2021.11.17-17.47.42:469][  0]LogTemp: Display: Loaded TP AndroidTargetPlatform
[2021.11.17-17.47.42:469][  0]LogTemp: Display: Loaded TP AndroidTargetPlatform
[2021.11.17-17.47.42:469][  0]LogTemp: Display: Loaded TP AndroidTargetPlatform
[2021.11.17-17.47.42:469][  0]LogTemp: Display: Loaded TP AndroidTargetPlatform
[2021.11.17-17.47.42:469][  0]LogTemp: Display: Loaded TP AndroidTargetPlatform
[2021.11.17-17.47.42:469][  0]LogTemp: Display: Loaded TP AndroidTargetPlatform
[2021.11.17-17.47.42:469][  0]LogTemp: Display: Loaded TP AndroidTargetPlatform
[2021.11.17-17.47.42:469][  0]LogTemp: Display: Loaded TP AndroidTargetPlatform
[2021.11.17-17.47.42:470][  0]LogTemp: Display: Loaded TP HTML5TargetPlatform
[2021.11.17-17.47.42:543][  0]LogTemp: Display: Loaded TP IOSTargetPlatform
[2021.11.17-17.47.42:543][  0]LogTemp: Display: Loaded TP IOSTargetPlatform
[2021.11.17-17.47.42:579][  0]LogTemp: Display: Loaded TP TVOSTargetPlatform
[2021.11.17-17.47.42:579][  0]LogTemp: Display: Loaded TP TVOSTargetPlatform
[2021.11.17-17.47.42:597][  0]LogTemp: Display: Loaded TP LinuxClientTargetPlatform
[2021.11.17-17.47.42:617][  0]LogTemp: Display: Loaded TP LinuxNoEditorTargetPlatform
[2021.11.17-17.47.42:640][  0]LogTemp: Display: Loaded TP LinuxServerTargetPlatform
[2021.11.17-17.47.42:659][  0]LogTemp: Display: Loaded TP LinuxTargetPlatform
[2021.11.17-17.47.42:672][  0]LogTemp: Display: Loaded TP LuminTargetPlatform
[2021.11.17-17.47.42:672][  0]LogTargetPlatformManager: Display: Building Assets For Windows
[2021.11.17-17.47.42:725][  0]LogXGEController: Cannot use XGE Controller as Incredibuild is not installed on this machine.
[2021.11.17-17.47.42:725][  0]LogShaderCompilers: Cannot use XGE Shader Compiler as Incredibuild is not installed on this machine.
[2021.11.17-17.47.42:725][  0]LogShaderCompilers: Display: Using Local Shader Compiler.
[2021.11.17-17.47.43:830][  0]LogDerivedDataCache: Display: Max Cache Size: 512 MB
[2021.11.17-17.47.43:923][  0]LogDerivedDataCache: Loaded boot cache 0.09s 87MB C:/Users/begku/AppData/Local/UnrealEngine/4.20/DerivedDataCache/Boot.ddc.
[2021.11.17-17.47.43:923][  0]LogDerivedDataCache: Display: Loaded Boot cache: C:/Users/begku/AppData/Local/UnrealEngine/4.20/DerivedDataCache/Boot.ddc
[2021.11.17-17.47.43:923][  0]LogDerivedDataCache: FDerivedDataBackendGraph:  Pak pak cache file ../../../../../Game dev/Projects/Unreal projects/Jj/DerivedDataCache/DDC.ddp not found, will not use a pak cache.
[2021.11.17-17.47.43:923][  0]LogDerivedDataCache: Unable to find inner node Pak for hierarchical cache Hierarchy.
[2021.11.17-17.47.43:923][  0]LogDerivedDataCache: FDerivedDataBackendGraph:  CompressedPak pak cache file ../../../../../Game dev/Projects/Unreal projects/Jj/DerivedDataCache/Compressed.ddp not found, will not use a pak cache.
[2021.11.17-17.47.43:923][  0]LogDerivedDataCache: Unable to find inner node CompressedPak for hierarchical cache Hierarchy.
[2021.11.17-17.47.43:946][  0]LogDerivedDataCache: Display: Pak cache opened for reading ../../../Engine/DerivedDataCache/Compressed.ddp.
[2021.11.17-17.47.43:958][  0]LogDerivedDataCache: Using Local data cache path C:/Users/begku/AppData/Local/UnrealEngine/Common/DerivedDataCache: Writable
[2021.11.17-17.47.43:958][  0]LogDerivedDataCache: Shared data cache path not found in *engine.ini, will not use an Shared cache.
[2021.11.17-17.47.43:958][  0]LogDerivedDataCache: Unable to find inner node Shared for hierarchical cache Hierarchy.
[2021.11.17-17.47.43:986][  0]LogMaterial: Verifying Global Shaders for PCD3D_SM5
[2021.11.17-17.47.43:988][  0]LogSlate: Using FreeType 2.6.0
[2021.11.17-17.47.43:989][  0]LogSlate: SlateFontServices - WITH_FREETYPE: 1, WITH_HARFBUZZ: 1
[2021.11.17-17.47.44:075][  0]LogAssetRegistry: FAssetRegistry took 0.0274 seconds to start up
[2021.11.17-17.47.44:589][  0]LogInit: Selected Device Profile: [Windows]
[2021.11.17-17.47.44:785][  0]LogSimplygon: Simplygon DLL not present - disabling.
[2021.11.17-17.47.44:788][  0]LogMeshReduction: Using SimplygonSwarm for distributed automatic mesh merging
[2021.11.17-17.47.44:788][  0]LogMeshReduction: Using ProxyLODMeshReduction for automatic mesh merging
[2021.11.17-17.47.44:788][  0]LogMeshReduction: Using QuadricMeshReduction for automatic static mesh reduction
[2021.11.17-17.47.44:788][  0]LogMeshReduction: No automatic skeletal mesh reduction module available
[2021.11.17-17.47.44:814][  0]LogNetVersion: Jj 1.0.0, NetCL: 4212847, EngineNetVer: 5, GameNetVer: 0 (Checksum: 3958834289)
[2021.11.17-17.47.45:682][  0]LogPackageLocalizationCache: Processed 11 localized package path(s) for 2 prioritized culture(s) in 0.162077 seconds
[2021.11.17-17.47.45:692][  0]LogUObjectArray: 38425 objects as part of root set at end of initial load.
[2021.11.17-17.47.45:692][  0]LogUObjectAllocator: 6690872 out of 0 bytes used by permanent object pool.
[2021.11.17-17.47.45:692][  0]LogUObjectArray: CloseDisregardForGC: 0/0 objects in disregard for GC pool
[2021.11.17-17.47.46:789][  0]LogTcpMessaging: Initializing TcpMessaging bridge
[2021.11.17-17.47.46:803][  0]LogUdpMessaging: Initializing bridge on interface 0.0.0.0:0 to multicast group 230.0.0.1:6666.
[2021.11.17-17.47.47:979][  0]SourceControl: Source control is disabled
[2021.11.17-17.47.47:979][  0]SourceControl: Source control is disabled
[2021.11.17-17.47.47:981][  0]SourceControl: Source control is disabled
[2021.11.17-17.47.47:982][  0]SourceControl: Source control is disabled
[2021.11.17-17.47.48:190][  0]LogAndroidPermission: UAndroidPermissionCallbackProxy::GetInstance
[2021.11.17-17.47.48:274][  0]LogOcInput: OculusInput pre-init called
[2021.11.17-17.47.48:351][  0]LogEngine: Initializing Engine...
[2021.11.17-17.47.48:352][  0]LogHMD: Failed to initialize OpenVR with code 110
[2021.11.17-17.47.48:354][  0]LogStats: UGameplayTagsManager::ConstructGameplayTagTree: ImportINI prefixes -  0.000 s
[2021.11.17-17.47.48:354][  0]LogStats: UGameplayTagsManager::ConstructGameplayTagTree: Construct from data asset -  0.000 s
[2021.11.17-17.47.48:354][  0]LogStats: UGameplayTagsManager::ConstructGameplayTagTree: ImportINI -  0.000 s
[2021.11.17-17.47.48:354][  0]LogStats: UGameplayTagsManager::ConstructGameplayTagTree: GameplayTagTreeChangedEvent.Broadcast -  0.000 s
[2021.11.17-17.47.48:636][  0]LogInit: Initializing FReadOnlyCVARCache
[2021.11.17-17.47.48:743][  0]LogAIModule: Creating AISystem for world Untitled
[2021.11.17-17.47.48:764][  0]LogInit: XAudio2 using 'Динамики (High Definition Audio Device)' : 2 channels at 48 kHz using 16 bits per sample (channel mask 0x3)
[2021.11.17-17.47.48:778][  0]LogInit: FAudioDevice initialized.
[2021.11.17-17.47.48:779][  0]LogNetVersion: Set ProjectVersion to 1.0.0.0. Version Checksum will be recalculated on next use.
[2021.11.17-17.47.48:912][  0]LogDerivedDataCache: Saved boot cache 0.13s 87MB C:/Users/begku/AppData/Local/UnrealEngine/4.20/DerivedDataCache/Boot.ddc.
[2021.11.17-17.47.48:913][  0]LogInit: Texture streaming: Enabled
[2021.11.17-17.47.48:927][  0]LogEngineSessionManager: EngineSessionManager initialized
[2021.11.17-17.47.48:992][  0]LogInit: Transaction tracking system initialized
[2021.11.17-17.47.49:011][  0]BlueprintLog: New page: Editor Load
[2021.11.17-17.47.49:083][  0]LocalizationService: Localization service is disabled
[2021.11.17-17.47.50:308][  0]LogFileCache: Scanning file cache for directory 'D:/Game dev/Projects/Unreal projects/Jj/Content/' took 0.05s
[2021.11.17-17.47.50:308][  0]LogCook: Display: Max memory allowance for cook 16384mb min free memory 0mb
[2021.11.17-17.47.50:308][  0]LogCook: Display: Mobile HDR setting 1
[2021.11.17-17.47.50:345][  0]LogGameplayTags: Display: UGameplayTagsManager::DoneAddingNativeTags. DelegateIsBound: 0
[2021.11.17-17.47.50:345][  0]LogStats: UGameplayTagsManager::ConstructGameplayTagTree: ImportINI prefixes -  0.000 s
[2021.11.17-17.47.50:345][  0]LogStats: UGameplayTagsManager::ConstructGameplayTagTree: Construct from data asset -  0.000 s
[2021.11.17-17.47.50:345][  0]LogStats: UGameplayTagsManager::ConstructGameplayTagTree: ImportINI -  0.000 s
[2021.11.17-17.47.50:345][  0]LogStats: UGameplayTagsManager::ConstructGameplayTagTree: GameplayTagTreeChangedEvent.Broadcast -  0.000 s
[2021.11.17-17.47.50:476][  0]SourceControl: Source control is disabled
[2021.11.17-17.47.50:476][  0]Cmd: MAP LOAD FILE="../../../../../Game dev/Projects/Unreal projects/Jj/Content/ThirdPersonBP/Maps/ThirdPersonExampleMap.umap" TEMPLATE=0 SHOWPROGRESS=1 FEATURELEVEL=3
[2021.11.17-17.47.50:530][  0]LightingResults: New page: Lighting Build
[2021.11.17-17.47.50:532][  0]MapCheck: New page: Map Check
[2021.11.17-17.47.50:532][  0]LightingResults: New page: Lighting Build
[2021.11.17-17.47.57:319][  0]LogAnimationCompression: Building Anim DDC data for AnimSequence /Game/Mannequin/Animations/Feet_hit.Feet_hit
[2021.11.17-17.47.57:325][  0]LogAnimationCompression: Recompressing (AnimSequence /Game/Mannequin/Animations/Feet_hit.Feet_hit) using current/default (AnimCompress_RemoveLinearKeys_0) bFirstRecompressUsingCurrentOrDefault(1) bTryAlternateCompressor(0) IsCompressedDataValid(0)
[2021.11.17-17.47.57:358][  0]LogAnimationCompression: Building Anim DDC data for AnimSequence /Game/Mannequin/Animations/tphit2.tphit2
[2021.11.17-17.47.57:358][  0]LogAnimationCompression: Recompressing (AnimSequence /Game/Mannequin/Animations/tphit2.tphit2) using current/default (AnimCompress_RemoveLinearKeys_3) bFirstRecompressUsingCurrentOrDefault(1) bTryAlternateCompressor(0) IsCompressedDataValid(0)
[2021.11.17-17.47.57:761][  0]LogMaterial: Display: Missing cached shader map for material Alpha_Joints_MAT, compiling. 
[2021.11.17-17.47.57:984][  0]LogShaderCompilers: Display: Shaders left to compile 60
[2021.11.17-17.47.57:984][  0]LogShaderCompilers: Display: Shaders left to compile 50
[2021.11.17-17.47.57:984][  0]LogShaderCompilers: Display: Shaders left to compile 40
[2021.11.17-17.47.57:984][  0]LogShaderCompilers: Display: Shaders left to compile 30
[2021.11.17-17.47.57:984][  0]LogShaderCompilers: Display: Shaders left to compile 20
[2021.11.17-17.47.57:984][  0]LogMaterial: Display: Missing cached shader map for material Alpha_Body_MAT, compiling. 
[2021.11.17-17.47.58:033][  0]LogSkeletalMesh: Building Skeletal Mesh ybot...
[2021.11.17-17.47.58:312][  0]LogSkeletalMesh: Built Skeletal Mesh [0.28s] /Game/ThirdPersonBP/Blueprints/ttp/animsandmodels/skeltalandmater/ybot.ybot
[2021.11.17-17.47.58:319][  0]LogMaterial: Display: Missing cached shader map for material CubeMaterial, compiling. 
[2021.11.17-17.47.58:699][  0]LogAudioDerivedData: Display: Building compressed audio format OGG hash OGG wave zawarudotokiwotomare1...
[2021.11.17-17.47.58:700][  0]LogTemp: Couldn't find amount to resample to.
[2021.11.17-17.47.59:339][  0]LogAudioDerivedData: Display: Updated SoundWave->RawPCMDataSize from 0 to 792576 while cooking SoundWave /Game/ThirdPersonBP/Blueprints/media/zawarudotokiwotomare1.zawarudotokiwotomare1.
[2021.11.17-17.47.59:339][  0]LogAudioDerivedData: Display: Building compressed audio format OGG hash OGG wave ZaWarudo...
[2021.11.17-17.47.59:339][  0]LogTemp: Couldn't find amount to resample to.
[2021.11.17-17.47.59:417][  0]LogAudioDerivedData: Display: Updated SoundWave->RawPCMDataSize from 0 to 516096 while cooking SoundWave /Game/ThirdPersonBP/Blueprints/media/ZaWarudo.ZaWarudo.
[2021.11.17-17.47.59:471][  0]LogAnimationCompression: Building Anim DDC data for AnimSequence /Game/ThirdPersonBP/Blueprints/ttp/animsandmodels/Anims/Floating.Floating
[2021.11.17-17.47.59:471][  0]LogAnimationCompression: Recompressing (AnimSequence /Game/ThirdPersonBP/Blueprints/ttp/animsandmodels/Anims/Floating.Floating) using current/default (AnimCompress_BitwiseCompressOnly_0) bFirstRecompressUsingCurrentOrDefault(1) bTryAlternateCompressor(0) IsCompressedDataValid(0)
[2021.11.17-17.47.59:475][  0]LogAnimationCompression: Building Anim DDC data for AnimSequence /Game/ThirdPersonBP/Blueprints/ttp/animsandmodels/Anims/Cross_Punch.Cross_Punch
[2021.11.17-17.47.59:475][  0]LogAnimationCompression: Recompressing (AnimSequence /Game/ThirdPersonBP/Blueprints/ttp/animsandmodels/Anims/Cross_Punch.Cross_Punch) using current/default (AnimCompress_BitwiseCompressOnly_0) bFirstRecompressUsingCurrentOrDefault(1) bTryAlternateCompressor(0) IsCompressedDataValid(0)
[2021.11.17-17.47.59:476][  0]LogAnimationCompression: Building Anim DDC data for AnimSequence /Game/ThirdPersonBP/Blueprints/ttp/animsandmodels/Anims/Standard_Run.Standard_Run
[2021.11.17-17.47.59:477][  0]LogAnimationCompression: Recompressing (AnimSequence /Game/ThirdPersonBP/Blueprints/ttp/animsandmodels/Anims/Standard_Run.Standard_Run) using current/default (AnimCompress_BitwiseCompressOnly_0) bFirstRecompressUsingCurrentOrDefault(1) bTryAlternateCompressor(0) IsCompressedDataValid(0)
[2021.11.17-17.47.59:524][  0]LogAnimationCompression: Building Anim DDC data for AnimSequence /Game/ThirdPersonBP/Blueprints/ttp/animsandmodels/Anims/Fight_Idle.Fight_Idle
[2021.11.17-17.47.59:524][  0]LogAnimationCompression: Recompressing (AnimSequence /Game/ThirdPersonBP/Blueprints/ttp/animsandmodels/Anims/Fight_Idle.Fight_Idle) using current/default (AnimCompress_BitwiseCompressOnly_0) bFirstRecompressUsingCurrentOrDefault(1) bTryAlternateCompressor(0) IsCompressedDataValid(0)
[2021.11.17-17.47.59:526][  0]LogAnimationCompression: Building Anim DDC data for AnimSequence /Game/ThirdPersonBP/Blueprints/ttp/animsandmodels/Greatswordanims/great_sword_walk.great_sword_walk
[2021.11.17-17.47.59:527][  0]LogAnimationCompression: Recompressing (AnimSequence /Game/ThirdPersonBP/Blueprints/ttp/animsandmodels/Greatswordanims/great_sword_walk.great_sword_walk) using current/default (AnimCompress_BitwiseCompressOnly_0) bFirstRecompressUsingCurrentOrDefault(1) bTryAlternateCompressor(0) IsCompressedDataValid(0)
[2021.11.17-17.47.59:528][  0]LogAnimationCompression: Building Anim DDC data for AnimSequence /Game/ThirdPersonBP/Blueprints/ttp/animsandmodels/Anims/Jumping_Down.Jumping_Down
[2021.11.17-17.47.59:528][  0]LogAnimationCompression: Recompressing (AnimSequence /Game/ThirdPersonBP/Blueprints/ttp/animsandmodels/Anims/Jumping_Down.Jumping_Down) using current/default (AnimCompress_BitwiseCompressOnly_1) bFirstRecompressUsingCurrentOrDefault(1) bTryAlternateCompressor(0) IsCompressedDataValid(0)
[2021.11.17-17.47.59:529][  0]LogAnimationCompression: Building Anim DDC data for AnimSequence /Game/ThirdPersonBP/Blueprints/ttp/animsandmodels/Anims/Jumping_Up.Jumping_Up
[2021.11.17-17.47.59:529][  0]LogAnimationCompression: Recompressing (AnimSequence /Game/ThirdPersonBP/Blueprints/ttp/animsandmodels/Anims/Jumping_Up.Jumping_Up) using current/default (AnimCompress_BitwiseCompressOnly_1) bFirstRecompressUsingCurrentOrDefault(1) bTryAlternateCompressor(0) IsCompressedDataValid(0)
[2021.11.17-17.47.59:530][  0]LogAnimationCompression: Building Anim DDC data for AnimSequence /Game/ThirdPersonBP/Blueprints/ttp/animsandmodels/Greatswordanims/great_sword_run__2_.great_sword_run__2_
[2021.11.17-17.47.59:530][  0]LogAnimationCompression: Recompressing (AnimSequence /Game/ThirdPersonBP/Blueprints/ttp/animsandmodels/Greatswordanims/great_sword_run__2_.great_sword_run__2_) using current/default (AnimCompress_BitwiseCompressOnly_0) bFirstRecompressUsingCurrentOrDefault(1) bTryAlternateCompressor(0) IsCompressedDataValid(0)
[2021.11.17-17.47.59:531][  0]LogAnimationCompression: Building Anim DDC data for AnimSequence /Game/ThirdPersonBP/Blueprints/ttp/animsandmodels/Greatswordanims/great_sword_idle.great_sword_idle
[2021.11.17-17.47.59:531][  0]LogAnimationCompression: Recompressing (AnimSequence /Game/ThirdPersonBP/Blueprints/ttp/animsandmodels/Greatswordanims/great_sword_idle.great_sword_idle) using current/default (AnimCompress_BitwiseCompressOnly_0) bFirstRecompressUsingCurrentOrDefault(1) bTryAlternateCompressor(0) IsCompressedDataValid(0)
[2021.11.17-17.47.59:633][  0]LogAnimationCompression: Building Anim DDC data for AnimSequence /Game/ThirdPersonBP/Blueprints/ttp/animsandmodels/Anims/Throw_Object1.Throw_Object1
[2021.11.17-17.47.59:633][  0]LogAnimationCompression: Recompressing (AnimSequence /Game/ThirdPersonBP/Blueprints/ttp/animsandmodels/Anims/Throw_Object1.Throw_Object1) using current/default (AnimCompress_BitwiseCompressOnly_1) bFirstRecompressUsingCurrentOrDefault(1) bTryAlternateCompressor(0) IsCompressedDataValid(0)
[2021.11.17-17.47.59:988][  0]LogAIModule: Creating AISystem for world ThirdPersonExampleMap
[2021.11.17-17.48.01:153][  0]LogEditorServer: Finished looking for orphan Actors (0.000 secs)
[2021.11.17-17.48.01:361][  0]Cmd: MAP CHECKDEP NOCLEARLOG
[2021.11.17-17.48.01:475][  0]MapCheck: Map check complete: 0 Error(s), 0 Warning(s), took 114,168ms to complete.
[2021.11.17-17.48.01:475][  0]LogFileHelpers: Loading map 'ThirdPersonExampleMap' took 10.999
[2021.11.17-17.48.03:148][  0]LogSlate: Updating window title bar state: overlay mode, drag disabled, window buttons hidden, title bar hidden
[2021.11.17-17.48.03:179][  0]LogSlate: Updating window title bar state: overlay mode, drag disabled, window buttons hidden, title bar hidden
[2021.11.17-17.48.03:200][  0]LogSlate: Updating window title bar state: overlay mode, drag disabled, window buttons hidden, title bar hidden
[2021.11.17-17.48.03:223][  0]LogSlate: Updating window title bar state: overlay mode, drag disabled, window buttons hidden, title bar hidden
[2021.11.17-17.48.03:291][  0]LogCollectionManager: Loaded 0 collections in 0.002170 seconds
[2021.11.17-17.48.03:487][  0]LogFileCache: Scanning file cache for directory 'D:/Game dev/Projects/Unreal projects/Jj/Saved/Collections/' took 0.01s
[2021.11.17-17.48.03:487][  0]LogFileCache: Scanning file cache for directory 'D:/Game dev/Projects/Unreal projects/Jj/Content/Developers/begku/Collections/' took 0.01s
[2021.11.17-17.48.03:487][  0]LogFileCache: Scanning file cache for directory 'D:/Game dev/Projects/Unreal projects/Jj/Content/Collections/' took 0.01s
[2021.11.17-17.48.03:487][  0]LogCollectionManager: Rebuilt the GUID cache for 0 collections in 0.000001 seconds
[2021.11.17-17.48.03:519][  0]LogContentBrowser: Native class hierarchy populated in 0.0298 seconds. Added 2581 classes and 608 folders.
[2021.11.17-17.48.03:665][  0]LogContentBrowser: Native class hierarchy updated for 'WidgetCarousel' in 0.0006 seconds. Added 0 classes and 0 folders.
[2021.11.17-17.48.04:423][  0]LogContentBrowser: Native class hierarchy updated for 'AddContentDialog' in 0.0005 seconds. Added 0 classes and 0 folders.
[2021.11.17-17.48.04:478][  0]LogContentBrowser: Native class hierarchy updated for 'SceneOutliner' in 0.0005 seconds. Added 1 classes and 2 folders.
[2021.11.17-17.48.05:125][  0]LogSlate: Took 0.000263 seconds to synchronously load lazily loaded font '../../../Engine/Content/Slate/Fonts/Roboto-Regular.ttf' (155K)
[2021.11.17-17.48.05:128][  0]LogSlate: Took 0.000240 seconds to synchronously load lazily loaded font '../../../Engine/Content/Slate/Fonts/Roboto-Bold.ttf' (160K)
[2021.11.17-17.48.05:189][  0]LogSlate: Took 0.016099 seconds to synchronously load lazily loaded font '../../../Engine/Content/Editor/Slate/Fonts/FontAwesome.ttf' (139K)
[2021.11.17-17.48.05:652][  0]LogRenderer: Reallocating scene render targets to support 1208x576 Format 10 NumSamples 1 (Frame:1).
[2021.11.17-17.48.06:668][  0]LogShaderCompilers: Display: Shaders left to compile 139
[2021.11.17-17.48.06:668][  0]LogShaderCompilers: Display: Shaders left to compile 129
[2021.11.17-17.48.06:668][  0]LogShaderCompilers: Display: Shaders left to compile 119
[2021.11.17-17.48.06:668][  0]LogSlate: FSceneViewport::OnFocusLost() reason 2
[2021.11.17-17.48.06:769][  0]LogSlate: Window 'Tutorials' being destroyed
[2021.11.17-17.48.06:829][  0]LogContentBrowser: Native class hierarchy updated for 'HierarchicalLODOutliner' in 0.0006 seconds. Added 0 classes and 0 folders.
[2021.11.17-17.48.06:830][  0]LogLoad: (Engine Initialization) Total time: 28.53 seconds
[2021.11.17-17.48.06:830][  0]LogLoad: (Engine Initialization) Total Blueprint compile time: 0.00 seconds
[2021.11.17-17.48.06:939][  0]LogContentStreaming: Texture pool size now 1000 MB
[2021.11.17-17.48.07:004][  0]LogSlate: Took 0.024417 seconds to synchronously load lazily loaded font '../../../Engine/Content/Slate/Fonts/Roboto-Light.ttf' (167K)
[2021.11.17-17.48.07:660][  4]LogAssetRegistry: Asset discovery search completed in 23.6078 seconds
[2021.11.17-17.48.07:665][  4]LogCollectionManager: Rebuilt the object cache for 0 collections in 0.000001 seconds (found 0 objects)
[2021.11.17-17.48.07:666][  4]LogCollectionManager: Fixed up redirectors for 0 collections in 0.000200 seconds (updated 0 objects)
[2021.11.17-17.48.07:948][  9]LogShaderCompilers: Display: Shaders left to compile 109
[2021.11.17-17.48.08:002][ 10]LogShaderCompilers: Display: Shaders left to compile 99
[2021.11.17-17.48.11:104][157]LogShaderCompilers: Display: Shaders left to compile 89
[2021.11.17-17.48.12:042][189]LogShaderCompilers: Display: Shaders left to compile 79
[2021.11.17-17.48.12:114][193]LogShaderCompilers: Display: Shaders left to compile 69
[2021.11.17-17.48.13:370][256]LogShaderCompilers: Display: Shaders left to compile 59
[2021.11.17-17.48.14:645][317]LogShaderCompilers: Display: Shaders left to compile 49
[2021.11.17-17.48.15:093][340]LogShaderCompilers: Display: Shaders left to compile 39
[2021.11.17-17.48.16:837][418]LogShaderCompilers: Display: Shaders left to compile 29
[2021.11.17-17.48.18:618][500]LogShaderCompilers: Display: Shaders left to compile 19
[2021.11.17-17.48.18:967][516]LogShaderCompilers: Display: Shaders left to compile 9
[2021.11.17-17.48.22:257][670]LogEditorViewport: Clicking on Actor (LMB): BP_Sky_Sphere_C (SkySphereBlueprint)
[2021.11.17-17.48.39:934][427]LogSlate: FSceneViewport::OnFocusLost() reason 0
[2021.11.17-17.48.40:925][522]LogTemp: Repeating last play command: Selected Viewport
[2021.11.17-17.48.41:003][522]LogBlueprintUserMessages: Early PlayInEditor Detection: Level '/Game/ThirdPersonBP/Maps/ThirdPersonExampleMap.ThirdPersonExampleMap:PersistentLevel' has LevelScriptBlueprint '/Game/ThirdPersonBP/Maps/ThirdPersonExampleMap.ThirdPersonExampleMap:PersistentLevel.ThirdPersonExampleMap' with GeneratedClass '/Game/ThirdPersonBP/Maps/ThirdPersonExampleMap.ThirdPersonExampleMap_C' with ClassGeneratedBy '/Game/ThirdPersonBP/Maps/ThirdPersonExampleMap.ThirdPersonExampleMap:PersistentLevel.ThirdPersonExampleMap'
[2021.11.17-17.48.41:012][522]LogPlayLevel: PlayLevel: No blueprints needed recompiling
[2021.11.17-17.48.41:127][522]PIE: New page: PIE session: ThirdPersonExampleMap (17 нояб. 2021 г., 23:48:41)
[2021.11.17-17.48.41:127][522]LogPlayLevel: Creating play world package: /Game/ThirdPersonBP/Maps/UEDPIE_0_ThirdPersonExampleMap
[2021.11.17-17.48.41:197][522]LogPlayLevel: PIE: StaticDuplicateObject took: (0.069915s)
[2021.11.17-17.48.41:198][522]LogAIModule: Creating AISystem for world ThirdPersonExampleMap
[2021.11.17-17.48.41:198][522]LogPlayLevel: PIE: World Init took: (0.000946s)
[2021.11.17-17.48.41:208][522]LogPlayLevel: PIE: Created PIE world by copying editor world from /Game/ThirdPersonBP/Maps/ThirdPersonExampleMap.ThirdPersonExampleMap to /Game/ThirdPersonBP/Maps/UEDPIE_0_ThirdPersonExampleMap.ThirdPersonExampleMap (0.079759s)
[2021.11.17-17.48.41:277][522]LogInit: XAudio2 using 'Динамики (High Definition Audio Device)' : 2 channels at 48 kHz using 16 bits per sample (channel mask 0x3)
[2021.11.17-17.48.41:287][522]LogInit: FAudioDevice initialized.
[2021.11.17-17.48.41:417][522]LogLoad: Game class is 'rtsgm_C'
[2021.11.17-17.48.41:521][522]LogWorld: Bringing World /Game/ThirdPersonBP/Maps/UEDPIE_0_ThirdPersonExampleMap.ThirdPersonExampleMap up for play (max tick rate 0) at 2021.11.17-20.48.41
[2021.11.17-17.48.41:533][522]LogGameMode: Warning: No GameStateClass was specified in rtsgm_C_0 (rtsgm_C)
[2021.11.17-17.48.41:648][522]LogWorld: Bringing up level for play took: 0.142755
[2021.11.17-17.48.41:784][522]LogContentBrowser: Native class hierarchy updated for 'MovieSceneCapture' in 0.0005 seconds. Added 10 classes and 0 folders.
[2021.11.17-17.48.41:821][522]PIE: Play in editor start time for /Game/ThirdPersonBP/Maps/UEDPIE_0_ThirdPersonExampleMap 1,578
[2021.11.17-17.48.41:822][522]LogBlueprintUserMessages: Late PlayInEditor Detection: Level '/Game/ThirdPersonBP/Maps/ThirdPersonExampleMap.ThirdPersonExampleMap:PersistentLevel' has LevelScriptBlueprint '/Game/ThirdPersonBP/Maps/ThirdPersonExampleMap.ThirdPersonExampleMap:PersistentLevel.ThirdPersonExampleMap' with GeneratedClass '/Game/ThirdPersonBP/Maps/ThirdPersonExampleMap.ThirdPersonExampleMap_C' with ClassGeneratedBy '/Game/ThirdPersonBP/Maps/ThirdPersonExampleMap.ThirdPersonExampleMap:PersistentLevel.ThirdPersonExampleMap'
[2021.11.17-17.49.09:649][777]LogBlueprintUserMessages: Early EndPlayMap Detection: Level '/Game/ThirdPersonBP/Maps/ThirdPersonExampleMap.ThirdPersonExampleMap:PersistentLevel' has LevelScriptBlueprint '/Game/ThirdPersonBP/Maps/ThirdPersonExampleMap.ThirdPersonExampleMap:PersistentLevel.ThirdPersonExampleMap' with GeneratedClass '/Game/ThirdPersonBP/Maps/ThirdPersonExampleMap.ThirdPersonExampleMap_C' with ClassGeneratedBy '/Game/ThirdPersonBP/Maps/ThirdPersonExampleMap.ThirdPersonExampleMap:PersistentLevel.ThirdPersonExampleMap'
[2021.11.17-17.49.09:685][777]LogSlate: Updating window title bar state: overlay mode, drag disabled, window buttons hidden, title bar hidden
[2021.11.17-17.49.09:801][777]LogPlayLevel: Display: Shutting down PIE online subsystems
[2021.11.17-17.49.09:801][777]LogBlueprintUserMessages: Late EndPlayMap Detection: Level '/Game/ThirdPersonBP/Maps/ThirdPersonExampleMap.ThirdPersonExampleMap:PersistentLevel' has LevelScriptBlueprint '/Game/ThirdPersonBP/Maps/ThirdPersonExampleMap.ThirdPersonExampleMap:PersistentLevel.ThirdPersonExampleMap' with GeneratedClass '/Game/ThirdPersonBP/Maps/ThirdPersonExampleMap.ThirdPersonExampleMap_C' with ClassGeneratedBy '/Game/ThirdPersonBP/Maps/ThirdPersonExampleMap.ThirdPersonExampleMap:PersistentLevel.ThirdPersonExampleMap'
[2021.11.17-17.49.09:838][777]LogSlate: Updating window title bar state: overlay mode, drag disabled, window buttons hidden, title bar hidden
[2021.11.17-17.49.09:897][778]LogPlayLevel: Display: Destroying online subsystem :Context_5
[2021.11.17-17.49.13:735][ 28]LogEditorViewport: Clicking on Actor (LMB): ThirdPersonCharacter_C (ThirdPersonCharacter)
[2021.11.17-17.49.23:585][569]LogSlate: FSceneViewport::OnFocusLost() reason 0
[2021.11.17-17.49.23:787][573]LogSlate: Took 0.000305 seconds to synchronously load lazily loaded font '../../../Engine/Content/Slate/Fonts/Roboto-Light.ttf' (167K)
[2021.11.17-17.49.23:803][573]LogAssetEditorManager: Opening Asset editor for Blueprint /Game/ThirdPersonBP/Blueprints/ttp/ThirdPersonCharacter.ThirdPersonCharacter
[2021.11.17-17.49.25:067][573]LogContentBrowser: Native class hierarchy updated for 'BlueprintGraph' in 0.0009 seconds. Added 116 classes and 0 folders.
[2021.11.17-17.49.27:289][573]LogSlate: Took 0.011697 seconds to synchronously load lazily loaded font '../../../Engine/Content/Slate/Fonts/Roboto-BoldCondensed.ttf' (158K)
[2021.11.17-17.49.28:097][574]LogSlate: Took 0.001573 seconds to synchronously load lazily loaded font '../../../Engine/Content/Slate/Fonts/Roboto-Italic.ttf' (157K)
[2021.11.17-17.49.34:838][869]LogRenderer: Reallocating scene render targets to support 1208x900 Format 10 NumSamples 1 (Frame:1).
[2021.11.17-17.49.42:706][206]LogSlate: FSceneViewport::OnFocusLost() reason 0
[2021.11.17-17.49.44:528][343]LogTemp: Repeating last play command: Selected Viewport
[2021.11.17-17.49.44:560][343]LogBlueprintUserMessages: Early PlayInEditor Detection: Level '/Game/ThirdPersonBP/Maps/ThirdPersonExampleMap.ThirdPersonExampleMap:PersistentLevel' has LevelScriptBlueprint '/Game/ThirdPersonBP/Maps/ThirdPersonExampleMap.ThirdPersonExampleMap:PersistentLevel.ThirdPersonExampleMap' with GeneratedClass '/Game/ThirdPersonBP/Maps/ThirdPersonExampleMap.ThirdPersonExampleMap_C' with ClassGeneratedBy '/Game/ThirdPersonBP/Maps/ThirdPersonExampleMap.ThirdPersonExampleMap:PersistentLevel.ThirdPersonExampleMap'
[2021.11.17-17.49.44:560][343]LogPlayLevel: PlayLevel: No blueprints needed recompiling
[2021.11.17-17.49.44:561][343]PIE: New page: PIE session: ThirdPersonExampleMap (17 нояб. 2021 г., 23:49:44)
[2021.11.17-17.49.44:561][343]LogPlayLevel: Creating play world package: /Game/ThirdPersonBP/Maps/UEDPIE_0_ThirdPersonExampleMap
[2021.11.17-17.49.44:577][343]LogPlayLevel: PIE: StaticDuplicateObject took: (0.015685s)
[2021.11.17-17.49.44:578][343]LogAIModule: Creating AISystem for world ThirdPersonExampleMap
[2021.11.17-17.49.44:579][343]LogPlayLevel: PIE: World Init took: (0.001997s)
[2021.11.17-17.49.44:579][343]LogPlayLevel: PIE: Created PIE world by copying editor world from /Game/ThirdPersonBP/Maps/ThirdPersonExampleMap.ThirdPersonExampleMap to /Game/ThirdPersonBP/Maps/UEDPIE_0_ThirdPersonExampleMap.ThirdPersonExampleMap (0.017983s)
[2021.11.17-17.49.44:695][343]LogInit: XAudio2 using 'Динамики (High Definition Audio Device)' : 2 channels at 48 kHz using 16 bits per sample (channel mask 0x3)
[2021.11.17-17.49.44:708][343]LogInit: FAudioDevice initialized.
[2021.11.17-17.49.44:743][343]LogLoad: Game class is 'rtsgm_C'
[2021.11.17-17.49.44:747][343]LogWorld: Bringing World /Game/ThirdPersonBP/Maps/UEDPIE_0_ThirdPersonExampleMap.ThirdPersonExampleMap up for play (max tick rate 0) at 2021.11.17-20.49.44
[2021.11.17-17.49.44:747][343]LogGameMode: Warning: No GameStateClass was specified in rtsgm_C_0 (rtsgm_C)
[2021.11.17-17.49.44:748][343]LogWorld: Bringing up level for play took: 0.003965
[2021.11.17-17.49.44:762][343]PIE: Play in editor start time for /Game/ThirdPersonBP/Maps/UEDPIE_0_ThirdPersonExampleMap 0,518
[2021.11.17-17.49.44:762][343]LogBlueprintUserMessages: Late PlayInEditor Detection: Level '/Game/ThirdPersonBP/Maps/ThirdPersonExampleMap.ThirdPersonExampleMap:PersistentLevel' has LevelScriptBlueprint '/Game/ThirdPersonBP/Maps/ThirdPersonExampleMap.ThirdPersonExampleMap:PersistentLevel.ThirdPersonExampleMap' with GeneratedClass '/Game/ThirdPersonBP/Maps/ThirdPersonExampleMap.ThirdPersonExampleMap_C' with ClassGeneratedBy '/Game/ThirdPersonBP/Maps/ThirdPersonExampleMap.ThirdPersonExampleMap:PersistentLevel.ThirdPersonExampleMap'
[2021.11.17-17.50.04:906][216]LogBlueprintUserMessages: [Circle_metalica_C_0] Hello
[2021.11.17-17.50.04:909][216]LogBlueprintUserMessages: [Circle_metalica_C_0] 60
[2021.11.17-17.50.04:910][216]LogBlueprintUserMessages: [Circle_metalica_C_0] 90
[2021.11.17-17.50.04:910][216]LogBlueprintUserMessages: [Circle_metalica_C_0] 120
[2021.11.17-17.50.04:911][216]LogBlueprintUserMessages: [Circle_metalica_C_0] 150
[2021.11.17-17.50.04:912][216]LogBlueprintUserMessages: [Circle_metalica_C_0] 180
[2021.11.17-17.50.04:913][216]LogBlueprintUserMessages: [Circle_metalica_C_0] 210
[2021.11.17-17.50.04:913][216]LogBlueprintUserMessages: [Circle_metalica_C_0] 240
[2021.11.17-17.50.04:914][216]LogBlueprintUserMessages: [Circle_metalica_C_0] 270
[2021.11.17-17.50.04:915][216]LogBlueprintUserMessages: [Circle_metalica_C_0] 300
[2021.11.17-17.50.04:916][216]LogBlueprintUserMessages: [Circle_metalica_C_0] 330
[2021.11.17-17.50.04:916][216]LogBlueprintUserMessages: [Circle_metalica_C_0] 360
[2021.11.17-17.50.04:917][216]LogBlueprintUserMessages: [Circle_metalica_C_0] 390
[2021.11.17-17.50.14:925][651]LogBlueprintUserMessages: [Circle_metalica_C_1] Hello
[2021.11.17-17.50.14:925][651]LogBlueprintUserMessages: [Circle_metalica_C_1] 60
[2021.11.17-17.50.14:925][651]LogBlueprintUserMessages: [Circle_metalica_C_1] 90
[2021.11.17-17.50.14:926][651]LogBlueprintUserMessages: [Circle_metalica_C_1] 120
[2021.11.17-17.50.14:927][651]LogBlueprintUserMessages: [Circle_metalica_C_1] 150
[2021.11.17-17.50.14:927][651]LogBlueprintUserMessages: [Circle_metalica_C_1] 180
[2021.11.17-17.50.14:928][651]LogBlueprintUserMessages: [Circle_metalica_C_1] 210
[2021.11.17-17.50.14:929][651]LogBlueprintUserMessages: [Circle_metalica_C_1] 240
[2021.11.17-17.50.14:929][651]LogBlueprintUserMessages: [Circle_metalica_C_1] 270
[2021.11.17-17.50.14:930][651]LogBlueprintUserMessages: [Circle_metalica_C_1] 300
[2021.11.17-17.50.14:930][651]LogBlueprintUserMessages: [Circle_metalica_C_1] 330
[2021.11.17-17.50.14:931][651]LogBlueprintUserMessages: [Circle_metalica_C_1] 360
[2021.11.17-17.50.14:931][651]LogBlueprintUserMessages: [Circle_metalica_C_1] 390
[2021.11.17-17.50.35:300][545]LogBlueprintUserMessages: Early EndPlayMap Detection: Level '/Game/ThirdPersonBP/Maps/ThirdPersonExampleMap.ThirdPersonExampleMap:PersistentLevel' has LevelScriptBlueprint '/Game/ThirdPersonBP/Maps/ThirdPersonExampleMap.ThirdPersonExampleMap:PersistentLevel.ThirdPersonExampleMap' with GeneratedClass '/Game/ThirdPersonBP/Maps/ThirdPersonExampleMap.ThirdPersonExampleMap_C' with ClassGeneratedBy '/Game/ThirdPersonBP/Maps/ThirdPersonExampleMap.ThirdPersonExampleMap:PersistentLevel.ThirdPersonExampleMap'
[2021.11.17-17.50.35:301][545]LogSlate: Updating window title bar state: overlay mode, drag disabled, window buttons hidden, title bar hidden
[2021.11.17-17.50.35:383][545]LogPlayLevel: Display: Shutting down PIE online subsystems
[2021.11.17-17.50.35:383][545]LogBlueprintUserMessages: Late EndPlayMap Detection: Level '/Game/ThirdPersonBP/Maps/ThirdPersonExampleMap.ThirdPersonExampleMap:PersistentLevel' has LevelScriptBlueprint '/Game/ThirdPersonBP/Maps/ThirdPersonExampleMap.ThirdPersonExampleMap:PersistentLevel.ThirdPersonExampleMap' with GeneratedClass '/Game/ThirdPersonBP/Maps/ThirdPersonExampleMap.ThirdPersonExampleMap_C' with ClassGeneratedBy '/Game/ThirdPersonBP/Maps/ThirdPersonExampleMap.ThirdPersonExampleMap:PersistentLevel.ThirdPersonExampleMap'
[2021.11.17-17.50.35:417][545]LogSlate: Updating window title bar state: overlay mode, drag disabled, window buttons hidden, title bar hidden
[2021.11.17-17.50.35:473][546]LogPlayLevel: Display: Destroying online subsystem :Context_10
[2021.11.17-17.50.40:454][907]LogSlate: FSceneViewport::OnFocusLost() reason 0
[2021.11.17-17.51.40:941][966]LogSlate: Only BGRA pngs, bmps or icos are supported in by External Image Picker
[2021.11.17-17.51.41:130][967]LogTemp: Executing iPhonePackager certificates Engine -bundlename com.YourCompany.Jj
[2021.11.17-17.51.41:130][967]LogTemp: CWD: D:\UE4\UE_4.20\Engine\Binaries\DotNET\IOS
[2021.11.17-17.51.41:130][967]LogTemp: Initial Dir: D:\UE4\UE_4.20
[2021.11.17-17.51.41:130][967]LogTemp: Env CWD: D:\UE4\UE_4.20\Engine\Binaries\DotNET\IOS
[2021.11.17-17.51.41:130][967]LogTemp: BranchPath = DESKTOP-IPFS9K7/D/UE4/UE_4.20/Engine/Binaries --- GameBranchPath = DESKTOP-IPFS9K7/D/UE4/UE_4.20/Engine/Binaries
[2021.11.17-17.51.41:130][967]LogTemp: IPP ERROR: Could not find provision directory 'C:\Users\begku\AppData\Local/Apple Computer/MobileDevice/Provisioning Profiles/'.
[2021.11.17-17.51.55:266][163]LogSlate: Window 'Project Settings' being destroyed
[2021.11.17-17.51.55:271][163]LogSlate: Window 'Project Settings' being destroyed
[2021.11.17-17.51.56:310][271]LogTemp: Repeating last play command: Selected Viewport
[2021.11.17-17.51.56:342][271]LogBlueprintUserMessages: Early PlayInEditor Detection: Level '/Game/ThirdPersonBP/Maps/ThirdPersonExampleMap.ThirdPersonExampleMap:PersistentLevel' has LevelScriptBlueprint '/Game/ThirdPersonBP/Maps/ThirdPersonExampleMap.ThirdPersonExampleMap:PersistentLevel.ThirdPersonExampleMap' with GeneratedClass '/Game/ThirdPersonBP/Maps/ThirdPersonExampleMap.ThirdPersonExampleMap_C' with ClassGeneratedBy '/Game/ThirdPersonBP/Maps/ThirdPersonExampleMap.ThirdPersonExampleMap:PersistentLevel.ThirdPersonExampleMap'
[2021.11.17-17.51.56:342][271]LogPlayLevel: PlayLevel: No blueprints needed recompiling
[2021.11.17-17.51.56:342][271]PIE: New page: PIE session: ThirdPersonExampleMap (17 нояб. 2021 г., 23:51:56)
[2021.11.17-17.51.56:342][271]LogPlayLevel: Creating play world package: /Game/ThirdPersonBP/Maps/UEDPIE_0_ThirdPersonExampleMap
[2021.11.17-17.51.56:361][271]LogPlayLevel: PIE: StaticDuplicateObject took: (0.018964s)
[2021.11.17-17.51.56:362][271]LogAIModule: Creating AISystem for world ThirdPersonExampleMap
[2021.11.17-17.51.56:362][271]LogPlayLevel: PIE: World Init took: (0.001126s)
[2021.11.17-17.51.56:362][271]LogPlayLevel: PIE: Created PIE world by copying editor world from /Game/ThirdPersonBP/Maps/ThirdPersonExampleMap.ThirdPersonExampleMap to /Game/ThirdPersonBP/Maps/UEDPIE_0_ThirdPersonExampleMap.ThirdPersonExampleMap (0.020343s)
[2021.11.17-17.51.56:413][271]LogInit: XAudio2 using 'Динамики (High Definition Audio Device)' : 2 channels at 48 kHz using 16 bits per sample (channel mask 0x3)
[2021.11.17-17.51.56:423][271]LogInit: FAudioDevice initialized.
[2021.11.17-17.51.56:460][271]LogLoad: Game class is 'rtsgm_C'
[2021.11.17-17.51.56:464][271]LogWorld: Bringing World /Game/ThirdPersonBP/Maps/UEDPIE_0_ThirdPersonExampleMap.ThirdPersonExampleMap up for play (max tick rate 0) at 2021.11.17-20.51.56
[2021.11.17-17.51.56:464][271]LogGameMode: Warning: No GameStateClass was specified in rtsgm_C_0 (rtsgm_C)
[2021.11.17-17.51.56:464][271]LogWorld: Bringing up level for play took: 0.003240
[2021.11.17-17.51.56:477][271]PIE: Play in editor start time for /Game/ThirdPersonBP/Maps/UEDPIE_0_ThirdPersonExampleMap 0,235
[2021.11.17-17.51.56:478][271]LogBlueprintUserMessages: Late PlayInEditor Detection: Level '/Game/ThirdPersonBP/Maps/ThirdPersonExampleMap.ThirdPersonExampleMap:PersistentLevel' has LevelScriptBlueprint '/Game/ThirdPersonBP/Maps/ThirdPersonExampleMap.ThirdPersonExampleMap:PersistentLevel.ThirdPersonExampleMap' with GeneratedClass '/Game/ThirdPersonBP/Maps/ThirdPersonExampleMap.ThirdPersonExampleMap_C' with ClassGeneratedBy '/Game/ThirdPersonBP/Maps/ThirdPersonExampleMap.ThirdPersonExampleMap:PersistentLevel.ThirdPersonExampleMap'
[2021.11.17-17.52.49:481][648]LogBlueprintUserMessages: [Circle_metalica_C_0] Hello
[2021.11.17-17.52.49:481][648]LogBlueprintUserMessages: [Circle_metalica_C_0] 60
[2021.11.17-17.52.49:482][648]LogBlueprintUserMessages: [Circle_metalica_C_0] 90
[2021.11.17-17.52.49:483][648]LogBlueprintUserMessages: [Circle_metalica_C_0] 120
[2021.11.17-17.52.49:484][648]LogBlueprintUserMessages: [Circle_metalica_C_0] 150
[2021.11.17-17.52.49:484][648]LogBlueprintUserMessages: [Circle_metalica_C_0] 180
[2021.11.17-17.52.49:485][648]LogBlueprintUserMessages: [Circle_metalica_C_0] 210
[2021.11.17-17.52.49:486][648]LogBlueprintUserMessages: [Circle_metalica_C_0] 240
[2021.11.17-17.52.49:486][648]LogBlueprintUserMessages: [Circle_metalica_C_0] 270
[2021.11.17-17.52.49:487][648]LogBlueprintUserMessages: [Circle_metalica_C_0] 300
[2021.11.17-17.52.49:488][648]LogBlueprintUserMessages: [Circle_metalica_C_0] 330
[2021.11.17-17.52.49:488][648]LogBlueprintUserMessages: [Circle_metalica_C_0] 360
[2021.11.17-17.52.49:489][648]LogBlueprintUserMessages: [Circle_metalica_C_0] 390
[2021.11.17-17.52.56:122][949]LogBlueprintUserMessages: [Circle_metalica_C_1] Hello
[2021.11.17-17.52.56:122][949]LogBlueprintUserMessages: [Circle_metalica_C_1] 60
[2021.11.17-17.52.56:122][949]LogBlueprintUserMessages: [Circle_metalica_C_1] 90
[2021.11.17-17.52.56:123][949]LogBlueprintUserMessages: [Circle_metalica_C_1] 120
[2021.11.17-17.52.56:124][949]LogBlueprintUserMessages: [Circle_metalica_C_1] 150
[2021.11.17-17.52.56:124][949]LogBlueprintUserMessages: [Circle_metalica_C_1] 180
[2021.11.17-17.52.56:125][949]LogBlueprintUserMessages: [Circle_metalica_C_1] 210
[2021.11.17-17.52.56:126][949]LogBlueprintUserMessages: [Circle_metalica_C_1] 240
[2021.11.17-17.52.56:126][949]LogBlueprintUserMessages: [Circle_metalica_C_1] 270
[2021.11.17-17.52.56:127][949]LogBlueprintUserMessages: [Circle_metalica_C_1] 300
[2021.11.17-17.52.56:128][949]LogBlueprintUserMessages: [Circle_metalica_C_1] 330
[2021.11.17-17.52.56:128][949]LogBlueprintUserMessages: [Circle_metalica_C_1] 360
[2021.11.17-17.52.56:129][949]LogBlueprintUserMessages: [Circle_metalica_C_1] 390
[2021.11.17-17.52.58:134][ 43]LogBlueprintUserMessages: Early EndPlayMap Detection: Level '/Game/ThirdPersonBP/Maps/ThirdPersonExampleMap.ThirdPersonExampleMap:PersistentLevel' has LevelScriptBlueprint '/Game/ThirdPersonBP/Maps/ThirdPersonExampleMap.ThirdPersonExampleMap:PersistentLevel.ThirdPersonExampleMap' with GeneratedClass '/Game/ThirdPersonBP/Maps/ThirdPersonExampleMap.ThirdPersonExampleMap_C' with ClassGeneratedBy '/Game/ThirdPersonBP/Maps/ThirdPersonExampleMap.ThirdPersonExampleMap:PersistentLevel.ThirdPersonExampleMap'
[2021.11.17-17.52.58:134][ 43]LogSlate: Updating window title bar state: overlay mode, drag disabled, window buttons hidden, title bar hidden
[2021.11.17-17.52.58:219][ 43]LogPlayLevel: Display: Shutting down PIE online subsystems
[2021.11.17-17.52.58:219][ 43]LogBlueprintUserMessages: Late EndPlayMap Detection: Level '/Game/ThirdPersonBP/Maps/ThirdPersonExampleMap.ThirdPersonExampleMap:PersistentLevel' has LevelScriptBlueprint '/Game/ThirdPersonBP/Maps/ThirdPersonExampleMap.ThirdPersonExampleMap:PersistentLevel.ThirdPersonExampleMap' with GeneratedClass '/Game/ThirdPersonBP/Maps/ThirdPersonExampleMap.ThirdPersonExampleMap_C' with ClassGeneratedBy '/Game/ThirdPersonBP/Maps/ThirdPersonExampleMap.ThirdPersonExampleMap:PersistentLevel.ThirdPersonExampleMap'
[2021.11.17-17.52.58:259][ 43]LogSlate: Updating window title bar state: overlay mode, drag disabled, window buttons hidden, title bar hidden
[2021.11.17-17.52.58:303][ 44]LogPlayLevel: Display: Destroying online subsystem :Context_11
[2021.11.17-17.53.00:163][156]LogSlate: FSceneViewport::OnFocusLost() reason 0
[2021.11.17-17.54.02:214][870]Cmd: SELECT NONE
[2021.11.17-17.54.03:167][950]LogSlate: FSceneViewport::OnFocusLost() reason 2
[2021.11.17-17.54.03:293][962]LogSlate: FSceneViewport::OnFocusLost() reason 2
[2021.11.17-17.54.03:333][963]LogSlate: FSceneViewport::OnFocusLost() reason 2
[2021.11.17-17.54.03:714][  2]LogSlate: FSceneViewport::OnFocusLost() reason 2
[2021.11.17-17.54.04:049][ 38]LogSlate: FSceneViewport::OnFocusLost() reason 2
[2021.11.17-17.54.04:076][ 39]LogSlate: FSceneViewport::OnFocusLost() reason 2
[2021.11.17-17.54.05:528][179]LogSlate: Window 'Jj - Unreal Editor' being destroyed
[2021.11.17-17.54.05:874][180]Cmd: QUIT_EDITOR
[2021.11.17-17.54.06:450][180]LogWindowsTextInputMethodSystem: Display: IME system now deactivated.
[2021.11.17-17.54.06:464][180]LogExit: Preparing to exit.
[2021.11.17-17.54.07:102][180]LogExit: Editor shut down
[2021.11.17-17.54.07:102][180]LogExit: Transaction tracking system shut down
[2021.11.17-17.54.07:583][180]LogExit: Object subsystem successfully closed.
[2021.11.17-17.54.07:613][180]LogShaderCompilers: Display: Shaders left to compile 0
[2021.11.17-17.54.07:618][180]LogD3D11RHI: Shutdown
[2021.11.17-17.54.07:618][180]LogD3D11RHI: CleanupD3DDevice
[2021.11.17-17.54.07:640][180]LogD3D11RHI: ~FD3D11DynamicRHI
[2021.11.17-17.54.07:668][180]LogModuleManager: Shutting down and abandoning module ExternalImagePicker (622)
[2021.11.17-17.54.07:669][180]LogModuleManager: Shutting down and abandoning module BlueprintGraph (620)
[2021.11.17-17.54.07:669][180]LogModuleManager: Shutting down and abandoning module MovieSceneCapture (618)
[2021.11.17-17.54.07:669][180]LogModuleManager: Shutting down and abandoning module Voice (616)
[2021.11.17-17.54.07:679][180]LogModuleManager: Shutting down and abandoning module HierarchicalLODOutliner (614)
[2021.11.17-17.54.07:679][180]LogModuleManager: Shutting down and abandoning module SceneOutliner (612)
[2021.11.17-17.54.07:679][180]LogModuleManager: Shutting down and abandoning module AddContentDialog (610)
[2021.11.17-17.54.07:698][180]LogModuleManager: Shutting down and abandoning module WidgetCarousel (609)
[2021.11.17-17.54.07:698][180]LogModuleManager: Shutting down and abandoning module EditorWidgets (606)
[2021.11.17-17.54.07:698][180]LogModuleManager: Shutting down and abandoning module CollectionManager (604)
[2021.11.17-17.54.07:698][180]LogModuleManager: Shutting down and abandoning module StatsViewer (602)
[2021.11.17-17.54.07:698][180]LogModuleManager: Shutting down and abandoning module FoliageEdit (600)
[2021.11.17-17.54.07:698][180]LogModuleManager: Shutting down and abandoning module LandscapeEditor (598)
[2021.11.17-17.54.07:698][180]LogModuleManager: Shutting down and abandoning module MeshPaintMode (596)
[2021.11.17-17.54.07:698][180]LogModuleManager: Shutting down and abandoning module SceneDepthPickerMode (594)
[2021.11.17-17.54.07:699][180]LogModuleManager: Shutting down and abandoning module ActorPickerMode (592)
[2021.11.17-17.54.07:699][180]LogModuleManager: Shutting down and abandoning module GeometryMode (590)
[2021.11.17-17.54.07:699][180]LogModuleManager: Shutting down and abandoning module TextureAlignMode (588)
[2021.11.17-17.54.07:699][180]LogModuleManager: Shutting down and abandoning module BspMode (586)
[2021.11.17-17.54.07:699][180]LogModuleManager: Shutting down and abandoning module PIEPreviewDeviceProfileSelector (584)
[2021.11.17-17.54.07:699][180]LogModuleManager: Shutting down and abandoning module SequenceRecorderSections (582)
[2021.11.17-17.54.07:699][180]LogModuleManager: Shutting down and abandoning module AutomationWorker (580)
[2021.11.17-17.54.07:699][180]LogModuleManager: Shutting down and abandoning module AudioCaptureEditor (578)
[2021.11.17-17.54.07:699][180]LogModuleManager: Shutting down and abandoning module SequenceRecorder (577)
[2021.11.17-17.54.07:699][180]LogModuleManager: Shutting down and abandoning module MatineeToLevelSequence (574)
[2021.11.17-17.54.07:699][180]LogModuleManager: Shutting down and abandoning module LevelSequenceEditor (572)
[2021.11.17-17.54.07:699][180]LogModuleManager: Shutting down and abandoning module PlacementMode (571)
[2021.11.17-17.54.07:699][180]LogModuleManager: Shutting down and abandoning module MaterialEditor (570)
[2021.11.17-17.54.07:699][180]LogModuleManager: Shutting down and abandoning module WmfMediaFactory (566)
[2021.11.17-17.54.07:699][180]LogModuleManager: Shutting down and abandoning module WmfMediaEditor (564)
[2021.11.17-17.54.07:699][180]LogModuleManager: Shutting down and abandoning module MediaPlayerEditor (562)
[2021.11.17-17.54.07:699][180]LogModuleManager: Shutting down and abandoning module OpenExrWrapper (560)
[2021.11.17-17.54.07:699][180]LogModuleManager: Shutting down and abandoning module ImgMediaFactory (558)
[2021.11.17-17.54.07:699][180]LogModuleManager: Shutting down and abandoning module ImgMediaEditor (556)
[2021.11.17-17.54.07:699][180]LogModuleManager: Shutting down and abandoning module AvfMediaFactory (554)
[2021.11.17-17.54.07:699][180]LogModuleManager: Shutting down and abandoning module AvfMediaEditor (552)
[2021.11.17-17.54.07:699][180]LogModuleManager: Shutting down and abandoning module AndroidMediaFactory (550)
[2021.11.17-17.54.07:699][180]LogModuleManager: Shutting down and abandoning module AndroidMediaEditor (548)
[2021.11.17-17.54.07:699][180]LogModuleManager: Shutting down and abandoning module MagicLeapCameraPreviewFactory (546)
[2021.11.17-17.54.07:699][180]LogModuleManager: Shutting down and abandoning module MagicLeapMediaFactory (544)
[2021.11.17-17.54.07:699][180]LogModuleManager: Shutting down and abandoning module MagicLeapMediaEditor (542)
[2021.11.17-17.54.07:699][180]LogModuleManager: Shutting down and abandoning module CharacterAI (540)
[2021.11.17-17.54.07:700][180]LogModuleManager: Shutting down and abandoning module SmartSnapping (538)
[2021.11.17-17.54.07:700][180]LogModuleManager: Shutting down and abandoning module SessionServices (536)
[2021.11.17-17.54.07:700][180]LogModuleManager: Shutting down and abandoning module ViewportSnapping (534)
[2021.11.17-17.54.07:700][180]LogModuleManager: Shutting down and abandoning module ViewportInteraction (532)
[2021.11.17-17.54.07:700][180]LogModuleManager: Shutting down and abandoning module ClothPainter (530)
[2021.11.17-17.54.07:700][180]LogModuleManager: Shutting down and abandoning module SkeletalMeshEditor (529)
[2021.11.17-17.54.07:700][180]LogModuleManager: Shutting down and abandoning module LogVisualizer (526)
[2021.11.17-17.54.07:700][180]LogModuleManager: Shutting down and abandoning module IntroTutorials (524)
[2021.11.17-17.54.07:700][180]LogModuleManager: Shutting down and abandoning module GameProjectGeneration (523)
[2021.11.17-17.54.07:700][180]LogModuleManager: Shutting down and abandoning module LuminPlatformEditor (520)
[2021.11.17-17.54.07:700][180]LogModuleManager: Shutting down and abandoning module IOSPlatformEditor (518)
[2021.11.17-17.54.07:700][180]LogModuleManager: Shutting down and abandoning module HTML5PlatformEditor (516)
[2021.11.17-17.54.07:700][180]LogModuleManager: Shutting down and abandoning module AndroidPlatformEditor (514)
[2021.11.17-17.54.07:700][180]LogModuleManager: Shutting down and abandoning module AndroidDeviceDetection (513)
[2021.11.17-17.54.08:330][180]LogModuleManager: Shutting down and abandoning module WindowsPlatformEditor (510)
[2021.11.17-17.54.08:330][180]LogModuleManager: Shutting down and abandoning module LuminRuntimeSettings (508)
[2021.11.17-17.54.08:330][180]LogModuleManager: Shutting down and abandoning module IOSRuntimeSettings (506)
[2021.11.17-17.54.08:330][180]LogModuleManager: Shutting down and abandoning module AndroidRuntimeSettings (504)
[2021.11.17-17.54.08:330][180]LogModuleManager: Shutting down and abandoning module InputBindingEditor (502)
[2021.11.17-17.54.08:330][180]LogModuleManager: Shutting down and abandoning module MergeActors (500)
[2021.11.17-17.54.08:331][180]LogModuleManager: Shutting down and abandoning module LocalizationDashboard (498)
[2021.11.17-17.54.08:331][180]LogModuleManager: Shutting down and abandoning module LocalizationService (497)
[2021.11.17-17.54.08:331][180]LogModuleManager: Shutting down and abandoning module HardwareTargeting (494)
[2021.11.17-17.54.08:331][180]LogModuleManager: Shutting down and abandoning module DeviceProfileEditor (492)
[2021.11.17-17.54.08:331][180]LogModuleManager: Shutting down and abandoning module UndoHistory (490)
[2021.11.17-17.54.08:331][180]LogModuleManager: Shutting down and abandoning module XmlParser (488)
[2021.11.17-17.54.08:331][180]LogModuleManager: Shutting down and abandoning module Blutility (486)
[2021.11.17-17.54.08:331][180]LogModuleManager: Shutting down and abandoning module ProjectSettingsViewer (484)
[2021.11.17-17.54.08:331][180]LogModuleManager: Shutting down and abandoning module ProjectTargetPlatformEditor (483)
[2021.11.17-17.54.08:331][180]LogModuleManager: Shutting down and abandoning module EditorSettingsViewer (480)
[2021.11.17-17.54.08:331][180]LogModuleManager: Shutting down and abandoning module SettingsEditor (478)
[2021.11.17-17.54.08:331][180]LogModuleManager: Shutting down and abandoning module ProjectLauncher (476)
[2021.11.17-17.54.08:331][180]LogModuleManager: Shutting down and abandoning module SessionFrontend (474)
[2021.11.17-17.54.08:331][180]LogModuleManager: Shutting down and abandoning module ProfilerClient (472)
[2021.11.17-17.54.08:331][180]LogModuleManager: Shutting down and abandoning module DeviceManager (470)
[2021.11.17-17.54.08:331][180]LogModuleManager: Shutting down and abandoning module TargetDeviceServices (469)
[2021.11.17-17.54.08:375][180]LogModuleManager: Shutting down and abandoning module AutomationController (466)
[2021.11.17-17.54.08:375][180]LogModuleManager: Shutting down and abandoning module AutomationWindow (464)
[2021.11.17-17.54.08:375][180]LogModuleManager: Shutting down and abandoning module Layers (462)
[2021.11.17-17.54.08:375][180]LogModuleManager: Shutting down and abandoning module ComponentVisualizers (460)
[2021.11.17-17.54.08:375][180]LogModuleManager: Shutting down and abandoning module DetailCustomizations (458)
[2021.11.17-17.54.08:375][180]LogModuleManager: Shutting down and abandoning module PackagesDialog (456)
[2021.11.17-17.54.08:375][180]LogModuleManager: Shutting down and abandoning module Persona (454)
[2021.11.17-17.54.08:375][180]LogModuleManager: Shutting down and abandoning module AdvancedPreviewScene (453)
[2021.11.17-17.54.08:375][180]LogModuleManager: Shutting down and abandoning module AnimGraph (451)
[2021.11.17-17.54.08:375][180]LogModuleManager: Shutting down and abandoning module Kismet (448)
[2021.11.17-17.54.08:383][180]LogModuleManager: Shutting down and abandoning module GraphEditor (446)
[2021.11.17-17.54.08:383][180]LogModuleManager: Shutting down and abandoning module ClassViewer (444)
[2021.11.17-17.54.08:383][180]LogModuleManager: Shutting down and abandoning module Toolbox (442)
[2021.11.17-17.54.08:383][180]LogModuleManager: Shutting down and abandoning module ModuleUI (440)
[2021.11.17-17.54.08:383][180]LogModuleManager: Shutting down and abandoning module MovieSceneTools (438)
[2021.11.17-17.54.08:383][180]LogModuleManager: Shutting down and abandoning module OutputLog (436)
[2021.11.17-17.54.08:383][180]LogModuleManager: Shutting down and abandoning module GammaUI (434)
[2021.11.17-17.54.08:383][180]LogModuleManager: Shutting down and abandoning module Documentation (432)
[2021.11.17-17.54.08:383][180]LogModuleManager: Shutting down and abandoning module MovieSceneTracks (430)
[2021.11.17-17.54.08:383][180]LogModuleManager: Shutting down and abandoning module MovieScene (428)
[2021.11.17-17.54.08:383][180]LogModuleManager: Shutting down and abandoning module StreamingPauseRendering (426)
[2021.11.17-17.54.08:383][180]LogModuleManager: Shutting down and abandoning module LauncherPlatform (424)
[2021.11.17-17.54.08:383][180]LogModuleManager: Shutting down and abandoning module AnalyticsET (422)
[2021.11.17-17.54.08:383][180]LogModuleManager: Shutting down and abandoning module PortalServices (420)
[2021.11.17-17.54.08:383][180]LogModuleManager: Shutting down and abandoning module PortalRpc (418)
[2021.11.17-17.54.08:384][180]LogModuleManager: Shutting down and abandoning module MessagingRpc (416)
[2021.11.17-17.54.08:384][180]LogModuleManager: Shutting down and abandoning module AIModule (414)
[2021.11.17-17.54.08:384][180]LogModuleManager: Shutting down and abandoning module GameplayDebugger (413)
[2021.11.17-17.54.08:384][180]LogModuleManager: Shutting down and abandoning module AITestSuite (411)
[2021.11.17-17.54.08:384][180]LogModuleManager: Shutting down and abandoning module NavigationSystem (409)
[2021.11.17-17.54.08:384][180]LogModuleManager: Shutting down and abandoning module DesktopPlatform (406)
[2021.11.17-17.54.08:384][180]LogModuleManager: Shutting down and abandoning module ProfilerService (404)
[2021.11.17-17.54.08:581][180]LogModuleManager: Shutting down and abandoning module TaskGraph (402)
[2021.11.17-17.54.08:581][180]LogModuleManager: Shutting down and abandoning module SteamVRController (400)
[2021.11.17-17.54.08:581][180]LogModuleManager: Shutting down and abandoning module ProceduralMeshComponentEditor (398)
[2021.11.17-17.54.08:582][180]LogModuleManager: Shutting down and abandoning module ProceduralMeshComponent (396)
[2021.11.17-17.54.08:582][180]LogModuleManager: Shutting down and abandoning module OculusInput (394)
[2021.11.17-17.54.08:582][180]LogModuleManager: Shutting down and abandoning module MobilePatchingUtils (392)
[2021.11.17-17.54.08:582][180]LogModuleManager: Shutting down and abandoning module EditableMesh (390)
[2021.11.17-17.54.08:582][180]LogModuleManager: Shutting down and abandoning module CustomMeshComponent (388)
[2021.11.17-17.54.08:582][180]LogModuleManager: Shutting down and abandoning module CableComponent (386)
[2021.11.17-17.54.08:582][180]LogModuleManager: Shutting down and abandoning module AudioCapture (384)
[2021.11.17-17.54.08:582][180]LogModuleManager: Shutting down and abandoning module ArchVisCharacter (382)
[2021.11.17-17.54.08:582][180]LogModuleManager: Shutting down and abandoning module AndroidPermission (380)
[2021.11.17-17.54.08:582][180]LogModuleManager: Shutting down and abandoning module NUTUnrealEngine4 (378)
[2021.11.17-17.54.08:582][180]LogModuleManager: Shutting down and abandoning module NetcodeUnitTest (376)
[2021.11.17-17.54.08:582][180]LogModuleManager: Shutting down and abandoning module MediaCompositingEditor (374)
[2021.11.17-17.54.08:582][180]LogModuleManager: Shutting down and abandoning module MediaCompositing (372)
[2021.11.17-17.54.08:582][180]LogModuleManager: Shutting down and abandoning module LinearTimecode (370)
[2021.11.17-17.54.08:582][180]LogModuleManager: Shutting down and abandoning module ImgMedia (368)
[2021.11.17-17.54.08:585][180]LogModuleManager: Shutting down and abandoning module HTML5Networking (366)
[2021.11.17-17.54.08:585][180]LogModuleManager: Shutting down and abandoning module GeometryCacheTracks (364)
[2021.11.17-17.54.08:585][180]LogModuleManager: Shutting down and abandoning module GeometryCacheSequencer (362)
[2021.11.17-17.54.08:585][180]LogModuleManager: Shutting down and abandoning module BackChannel (360)
[2021.11.17-17.54.08:585][180]LogModuleManager: Shutting down and abandoning module AppleVision (358)
[2021.11.17-17.54.08:585][180]LogModuleManager: Shutting down and abandoning module AppleImageUtils (356)
[2021.11.17-17.54.08:585][180]LogModuleManager: Shutting down and abandoning module AlembicImporter (354)
[2021.11.17-17.54.08:585][180]LogModuleManager: Shutting down and abandoning module AlembicLibrary (353)
[2021.11.17-17.54.08:585][180]LogModuleManager: Shutting down and abandoning module GeometryCache (352)
[2021.11.17-17.54.08:585][180]LogModuleManager: Shutting down and abandoning module GeometryCacheEd (351)
[2021.11.17-17.54.08:586][180]LogModuleManager: Shutting down and abandoning module DatasmithContentEditor (346)
[2021.11.17-17.54.08:586][180]LogModuleManager: Shutting down and abandoning module DatasmithContent (344)
[2021.11.17-17.54.08:586][180]LogModuleManager: Shutting down and abandoning module SpeedTreeImporter (342)
[2021.11.17-17.54.08:586][180]LogModuleManager: Shutting down and abandoning module PluginBrowser (340)
[2021.11.17-17.54.08:586][180]LogModuleManager: Shutting down and abandoning module MobileLauncherProfileWizard (338)
[2021.11.17-17.54.08:586][180]LogModuleManager: Shutting down and abandoning module PolygonModeling (336)
[2021.11.17-17.54.08:586][180]LogModuleManager: Shutting down and abandoning module MeshEditor (334)
[2021.11.17-17.54.08:586][180]LogModuleManager: Shutting down and abandoning module CryptoKeysOpenSSL (332)
[2021.11.17-17.54.08:586][180]LogModuleManager: Shutting down and abandoning module CryptoKeys (330)
[2021.11.17-17.54.08:586][180]LogModuleManager: Shutting down and abandoning module VisualStudioSourceCodeAccess (328)
[2021.11.17-17.54.08:586][180]LogModuleManager: Shutting down and abandoning module VisualStudioCodeSourceCodeAccess (326)
[2021.11.17-17.54.08:586][180]LogModuleManager: Shutting down and abandoning module UObjectPlugin (324)
[2021.11.17-17.54.08:586][180]LogModuleManager: Shutting down and abandoning module SubversionSourceControl (322)
[2021.11.17-17.54.08:586][180]LogModuleManager: Shutting down and abandoning module PerforceSourceControl (320)
[2021.11.17-17.54.08:586][180]LogModuleManager: Shutting down and abandoning module GitSourceControl (318)
[2021.11.17-17.54.08:586][180]LogModuleManager: Shutting down and abandoning module SourceControl (317)
[2021.11.17-17.54.08:587][180]LogModuleManager: Shutting down and abandoning module CLionSourceCodeAccess (314)
[2021.11.17-17.54.08:587][180]LogModuleManager: Shutting down and abandoning module LightPropagationVolumeEditor (312)
[2021.11.17-17.54.08:587][180]LogModuleManager: Shutting down and abandoning module PaperTiledImporter (310)
[2021.11.17-17.54.08:587][180]LogModuleManager: Shutting down and abandoning module PaperSpriteSheetImporter (308)
[2021.11.17-17.54.08:587][180]LogModuleManager: Shutting down and abandoning module Paper2DEditor (306)
[2021.11.17-17.54.08:587][180]LogModuleManager: Shutting down and abandoning module MeshPaint (305)
[2021.11.17-17.54.08:587][180]LogModuleManager: Shutting down and abandoning module RuntimePhysXCooking (302)
[2021.11.17-17.54.08:587][180]LogModuleManager: Shutting down and abandoning module PhysXVehiclesEditor (300)
[2021.11.17-17.54.08:587][180]LogModuleManager: Shutting down and abandoning module PhysXVehicles (298)
[2021.11.17-17.54.08:587][180]LogModuleManager: Shutting down and abandoning module OculusEditor (296)
[2021.11.17-17.54.08:587][180]LogModuleManager: Shutting down and abandoning module LocationServicesBPLibrary (294)
[2021.11.17-17.54.08:587][180]LogModuleManager: Shutting down and abandoning module ImmediatePhysicsEditor (292)
[2021.11.17-17.54.08:587][180]LogModuleManager: Shutting down and abandoning module ImmediatePhysics (290)
[2021.11.17-17.54.08:587][180]LogModuleManager: Shutting down and abandoning module ApexDestructionEditor (288)
[2021.11.17-17.54.08:598][180]LogModuleManager: Shutting down and abandoning module ApexDestruction (286)
[2021.11.17-17.54.08:599][180]LogModuleManager: Shutting down and abandoning module ActorSequence (284)
[2021.11.17-17.54.08:599][180]LogModuleManager: Shutting down and abandoning module UdpMessaging (282)
[2021.11.17-17.54.08:700][180]LogModuleManager: Shutting down and abandoning module TcpMessaging (280)
[2021.11.17-17.54.08:800][180]LogModuleManager: Shutting down and abandoning module MagicLeapAudio (278)
[2021.11.17-17.54.08:800][180]LogModuleManager: Shutting down and abandoning module GameplayTagsEditor (276)
[2021.11.17-17.54.08:800][180]LogModuleManager: Shutting down and abandoning module FacialAnimationEditor (274)
[2021.11.17-17.54.08:800][180]LogModuleManager: Shutting down and abandoning module FacialAnimation (272)
[2021.11.17-17.54.08:800][180]LogModuleManager: Shutting down and abandoning module DataValidation (270)
[2021.11.17-17.54.08:800][180]LogModuleManager: Shutting down and abandoning module AssetManagerEditor (268)
[2021.11.17-17.54.08:800][180]LogModuleManager: Shutting down and abandoning module LevelEditor (267)
[2021.11.17-17.54.08:801][180]LogModuleManager: Shutting down and abandoning module PixelInspectorModule (266)
[2021.11.17-17.54.08:801][180]LogModuleManager: Shutting down and abandoning module CommonMenuExtensions (264)
[2021.11.17-17.54.08:801][180]LogModuleManager: Shutting down and abandoning module MainFrame (262)
[2021.11.17-17.54.08:801][180]LogModuleManager: Shutting down and abandoning module HotReload (261)
[2021.11.17-17.54.08:801][180]LogModuleManager: Shutting down and abandoning module ContentBrowser (257)
[2021.11.17-17.54.08:802][180]LogModuleManager: Shutting down and abandoning module TreeMap (255)
[2021.11.17-17.54.08:802][180]LogModuleManager: Shutting down and abandoning module LightPropagationVolumeRuntime (252)
[2021.11.17-17.54.08:802][180]LogModuleManager: Shutting down and abandoning module AISupportModule (250)
[2021.11.17-17.54.08:802][180]LogModuleManager: Shutting down and abandoning module Paper2D (248)
[2021.11.17-17.54.08:802][180]LogModuleManager: Shutting down and abandoning module WindowsMoviePlayer (246)
[2021.11.17-17.54.08:802][180]LogModuleManager: Shutting down and abandoning module WmfMedia (244)
[2021.11.17-17.54.08:803][180]LogModuleManager: Shutting down and abandoning module Media (243)
[2021.11.17-17.54.08:811][180]LogModuleManager: Shutting down and abandoning module PacketHandler (240)
[2021.11.17-17.54.08:811][180]LogModuleManager: Shutting down and abandoning module ClothingSystemEditor (238)
[2021.11.17-17.54.08:811][180]LogModuleManager: Shutting down and abandoning module ClothingSystemRuntime (236)
[2021.11.17-17.54.08:811][180]LogModuleManager: Shutting down and abandoning module MediaAssets (234)
[2021.11.17-17.54.08:811][180]LogModuleManager: Shutting down and abandoning module Overlay (232)
[2021.11.17-17.54.08:811][180]LogModuleManager: Shutting down and abandoning module OverlayEditor (231)
[2021.11.17-17.54.08:811][180]LogModuleManager: Shutting down and abandoning module VREditor (228)
[2021.11.17-17.54.08:811][180]LogModuleManager: Shutting down and abandoning module StringTableEditor (226)
[2021.11.17-17.54.08:811][180]LogModuleManager: Shutting down and abandoning module GameplayTasksEditor (224)
[2021.11.17-17.54.08:811][180]LogModuleManager: Shutting down and abandoning module BehaviorTreeEditor (222)
[2021.11.17-17.54.08:811][180]LogModuleManager: Shutting down and abandoning module FunctionalTesting (220)
[2021.11.17-17.54.08:811][180]LogModuleManager: Shutting down and abandoning module CollisionAnalyzer (218)
[2021.11.17-17.54.08:811][180]LogModuleManager: Shutting down and abandoning module WorkspaceMenuStructure (217)
[2021.11.17-17.54.08:811][180]LogModuleManager: Shutting down and abandoning module UMG (214)
[2021.11.17-17.54.08:811][180]LogModuleManager: Shutting down and abandoning module UMGEditor (213)
[2021.11.17-17.54.08:811][180]LogModuleManager: Shutting down and abandoning module Sequencer (212)
[2021.11.17-17.54.08:812][180]LogModuleManager: Shutting down and abandoning module MessageLog (209)
[2021.11.17-17.54.08:812][180]LogModuleManager: Shutting down and abandoning module SlateReflector (204)
[2021.11.17-17.54.08:812][180]LogModuleManager: Shutting down and abandoning module Slate (202)
[2021.11.17-17.54.08:812][180]LogModuleManager: Shutting down and abandoning module EditorStyle (200)
[2021.11.17-17.54.08:814][180]LogModuleManager: Shutting down and abandoning module MRMesh (198)
[2021.11.17-17.54.08:814][180]LogModuleManager: Shutting down and abandoning module SourceCodeAccess (196)
[2021.11.17-17.54.08:814][180]LogModuleManager: Shutting down and abandoning module HeadMountedDisplay (194)
[2021.11.17-17.54.08:814][180]LogModuleManager: Shutting down and abandoning module XAudio2 (192)
[2021.11.17-17.54.08:814][180]LogModuleManager: Shutting down and abandoning module Networking (190)
[2021.11.17-17.54.08:814][180]LogModuleManager: Shutting down and abandoning module Core (188)
[2021.11.17-17.54.08:814][180]LogModuleManager: Shutting down and abandoning module LevelSequence (186)
[2021.11.17-17.54.08:814][180]LogModuleManager: Shutting down and abandoning module KismetCompiler (184)
[2021.11.17-17.54.08:814][180]LogModuleManager: Shutting down and abandoning module MeshUtilities (182)
[2021.11.17-17.54.08:814][180]LogModuleManager: Shutting down and abandoning module MeshMergeUtilities (181)
[2021.11.17-17.54.08:815][180]LogModuleManager: Shutting down and abandoning module MeshReductionInterface (180)
[2021.11.17-17.54.08:815][180]LogModuleManager: Shutting down and abandoning module SimplygonSwarm (179)
[2021.11.17-17.54.08:815][180]LogModuleManager: Shutting down and abandoning module ProxyLODMeshReduction (177)
[2021.11.17-17.54.08:815][180]LogModuleManager: Shutting down and abandoning module SimplygonMeshReduction (175)
[2021.11.17-17.54.08:815][180]LogModuleManager: Shutting down and abandoning module QuadricMeshReduction (173)
[2021.11.17-17.54.08:815][180]LogModuleManager: Shutting down and abandoning module MaterialBaking (169)
[2021.11.17-17.54.08:815][180]LogModuleManager: Shutting down and abandoning module DirectoryWatcher (165)
[2021.11.17-17.54.08:815][180]LogModuleManager: Shutting down and abandoning module DerivedDataCache (162)
[2021.11.17-17.54.08:901][180]LogDerivedDataCache: Shutdown
[2021.11.17-17.54.08:901][180]LogModuleManager: Shutting down and abandoning module XGEController (160)
[2021.11.17-17.54.08:901][180]LogModuleManager: Shutting down and abandoning module TargetPlatform (158)
[2021.11.17-17.54.08:901][180]LogModuleManager: Shutting down and abandoning module VulkanShaderFormat (157)
[2021.11.17-17.54.08:902][180]LogModuleManager: Shutting down and abandoning module ShaderFormatVectorVM (155)
[2021.11.17-17.54.08:902][180]LogModuleManager: Shutting down and abandoning module ShaderFormatOpenGL (153)
[2021.11.17-17.54.08:902][180]LogModuleManager: Shutting down and abandoning module ShaderFormatD3D (151)
[2021.11.17-17.54.08:902][180]LogModuleManager: Shutting down and abandoning module MetalShaderFormat (149)
[2021.11.17-17.54.08:902][180]LogModuleManager: Shutting down and abandoning module TextureFormatUncompressed (147)
[2021.11.17-17.54.08:902][180]LogModuleManager: Shutting down and abandoning module TextureFormatPVR (145)
[2021.11.17-17.54.08:902][180]LogModuleManager: Shutting down and abandoning module TextureFormatDXT (143)
[2021.11.17-17.54.08:902][180]LogModuleManager: Shutting down and abandoning module TextureFormatIntelISPCTexComp (141)
[2021.11.17-17.54.08:902][180]LogModuleManager: Shutting down and abandoning module TextureFormatASTC (139)
[2021.11.17-17.54.08:902][180]LogModuleManager: Shutting down and abandoning module ImageWrapper (138)
[2021.11.17-17.54.08:902][180]LogModuleManager: Shutting down and abandoning module TextureFormatAndroid (135)
[2021.11.17-17.54.08:902][180]LogModuleManager: Shutting down and abandoning module AudioFormatOpus (133)
[2021.11.17-17.54.08:902][180]LogModuleManager: Shutting down and abandoning module AudioFormatOgg (131)
[2021.11.17-17.54.08:902][180]LogModuleManager: Shutting down and abandoning module AudioFormatADPCM (129)
[2021.11.17-17.54.08:902][180]LogModuleManager: Shutting down and abandoning module LuminTargetPlatform (127)
[2021.11.17-17.54.08:902][180]LogModuleManager: Shutting down and abandoning module LinuxTargetPlatform (125)
[2021.11.17-17.54.08:902][180]LogModuleManager: Shutting down and abandoning module LinuxServerTargetPlatform (123)
[2021.11.17-17.54.08:902][180]LogModuleManager: Shutting down and abandoning module LinuxNoEditorTargetPlatform (121)
[2021.11.17-17.54.08:902][180]LogModuleManager: Shutting down and abandoning module LinuxClientTargetPlatform (119)
[2021.11.17-17.54.08:902][180]LogModuleManager: Shutting down and abandoning module TVOSTargetPlatform (117)
[2021.11.17-17.54.08:903][180]LogModuleManager: Shutting down and abandoning module Messaging (115)
[2021.11.17-17.54.08:903][180]LogModuleManager: Shutting down and abandoning module IOSTargetPlatform (113)
[2021.11.17-17.54.08:904][180]LogModuleManager: Shutting down and abandoning module HTML5TargetPlatform (111)
[2021.11.17-17.54.08:904][180]LogModuleManager: Shutting down and abandoning module AndroidTargetPlatform (109)
[2021.11.17-17.54.08:911][180]LogModuleManager: Shutting down and abandoning module WindowsTargetPlatform (107)
[2021.11.17-17.54.08:911][180]LogModuleManager: Shutting down and abandoning module WindowsServerTargetPlatform (105)
[2021.11.17-17.54.08:911][180]LogModuleManager: Shutting down and abandoning module WindowsNoEditorTargetPlatform (103)
[2021.11.17-17.54.08:911][180]LogModuleManager: Shutting down and abandoning module WindowsClientTargetPlatform (101)
[2021.11.17-17.54.08:911][180]LogModuleManager: Shutting down and abandoning module MacTargetPlatform (99)
[2021.11.17-17.54.08:911][180]LogModuleManager: Shutting down and abandoning module MacServerTargetPlatform (97)
[2021.11.17-17.54.08:911][180]LogModuleManager: Shutting down and abandoning module MacNoEditorTargetPlatform (95)
[2021.11.17-17.54.08:911][180]LogModuleManager: Shutting down and abandoning module MacClientTargetPlatform (93)
[2021.11.17-17.54.08:911][180]LogModuleManager: Shutting down and abandoning module AllDesktopTargetPlatform (91)
[2021.11.17-17.54.08:911][180]LogModuleManager: Shutting down and abandoning module InputCore (88)
[2021.11.17-17.54.08:911][180]LogModuleManager: Shutting down and abandoning module Settings (86)
[2021.11.17-17.54.08:911][180]LogModuleManager: Shutting down and abandoning module PhysXCooking (84)
[2021.11.17-17.54.08:911][180]LogModuleManager: Shutting down and abandoning module SteamVR (82)
[2021.11.17-17.54.08:911][180]LogModuleManager: Shutting down and abandoning module OculusHMD (80)
[2021.11.17-17.54.08:911][180]LogModuleManager: Shutting down and abandoning module ExampleDeviceProfileSelector (78)
[2021.11.17-17.54.08:912][180]LogModuleManager: Shutting down and abandoning module LauncherChunkInstaller (76)
[2021.11.17-17.54.08:912][180]LogModuleManager: Shutting down and abandoning module OnlineBlueprintSupport (74)
[2021.11.17-17.54.08:912][180]LogModuleManager: Shutting down and abandoning module OnlineSubsystem (70)
[2021.11.17-17.54.08:913][180]LogModuleManager: Shutting down and abandoning module XMPP (65)
[2021.11.17-17.54.08:913][180]LogModuleManager: Shutting down and abandoning module WebSockets (64)
[2021.11.17-17.54.08:948][180]LogModuleManager: Shutting down and abandoning module HTTP (61)
[2021.11.17-17.54.08:948][180]LogHttp: Display: Http module shutting down, but needs to wait on 1 outstanding Http requests:
[2021.11.17-17.54.08:948][180]LogHttp: Display: 	verb=[POST] url=[https://datarouter.ol.epicgames.com/datarouter/api/v1/public/data?SessionID=%7BDD49723D-435D-CBC4-95CC-BFBC1F8142B4%7D&AppID=UEEditor.Rocket.Release&AppVersion=4.20.3-4369336%2B%2B%2BUE4%2BRelease-4.20&UserID=6c50fa004f98e6696cb75f8867f7a465%7C9ed3c8eca7434079be07eca0419c53dd%7C9248dfe4-c875-43e7-9a64-4833bda6d4fa&AppEnvironment=datacollector-binary&UploadType=eteventstream] status=Processing
[2021.11.17-17.54.08:948][180]LogHttp: Display: Sleeping 0.5s to wait for 1 outstanding Http requests.
[2021.11.17-17.54.09:481][180]LogModuleManager: Shutting down and abandoning module SSL (60)
[2021.11.17-17.54.09:483][180]LogModuleManager: Shutting down and abandoning module MagicLeapEmulator (56)
[2021.11.17-17.54.09:483][180]LogModuleManager: Shutting down and abandoning module MagicLeapPrivileges (54)
[2021.11.17-17.54.09:483][180]LogModuleManager: Shutting down and abandoning module MagicLeapIdentity (52)
[2021.11.17-17.54.09:483][180]LogModuleManager: Shutting down and abandoning module MagicLeapHelperVulkan (50)
[2021.11.17-17.54.09:483][180]LogModuleManager: Shutting down and abandoning module MagicLeapHelperOpenGL (48)
[2021.11.17-17.54.09:483][180]LogModuleManager: Shutting down and abandoning module MagicLeapSecureStorage (46)
[2021.11.17-17.54.09:483][180]LogModuleManager: Shutting down and abandoning module MagicLeapGestures (44)
[2021.11.17-17.54.09:483][180]LogModuleManager: Shutting down and abandoning module MagicLeapEyeTracker (42)
[2021.11.17-17.54.09:483][180]LogModuleManager: Shutting down and abandoning module MagicLeapController (40)
[2021.11.17-17.54.09:483][180]LogSlate: Slate User Destroyed.  User Index 0, Is Virtual User: 0
[2021.11.17-17.54.09:483][180]LogModuleManager: Shutting down and abandoning module MagicLeap (38)
[2021.11.17-17.54.09:484][180]LogModuleManager: Shutting down and abandoning module AnimationModifiers (36)
[2021.11.17-17.54.09:484][180]LogModuleManager: Shutting down and abandoning module PropertyEditor (35)
[2021.11.17-17.54.09:484][180]LogModuleManager: Shutting down and abandoning module AudioEditor (32)
[2021.11.17-17.54.09:484][180]LogModuleManager: Shutting down and abandoning module TextureCompressor (30)
[2021.11.17-17.54.09:484][180]LogModuleManager: Shutting down and abandoning module ShaderCore (28)
[2021.11.17-17.54.09:484][180]LogModuleManager: Shutting down and abandoning module Landscape (26)
[2021.11.17-17.54.09:484][180]LogModuleManager: Shutting down and abandoning module SlateRHIRenderer (24)
[2021.11.17-17.54.09:485][180]LogModuleManager: Shutting down and abandoning module OpenGLDrv (22)
[2021.11.17-17.54.09:485][180]LogModuleManager: Shutting down and abandoning module D3D11RHI (20)
[2021.11.17-17.54.09:485][180]LogModuleManager: Shutting down and abandoning module AnimGraphRuntime (18)
[2021.11.17-17.54.09:486][180]LogModuleManager: Shutting down and abandoning module Renderer (16)
[2021.11.17-17.54.09:486][180]LogModuleManager: Shutting down and abandoning module Engine (14)
[2021.11.17-17.54.09:486][180]LogModuleManager: Shutting down and abandoning module CoreUObject (12)
[2021.11.17-17.54.09:486][180]LogModuleManager: Shutting down and abandoning module NetworkFile (10)
[2021.11.17-17.54.09:486][180]LogModuleManager: Shutting down and abandoning module CookedIterativeFile (8)
[2021.11.17-17.54.09:486][180]LogModuleManager: Shutting down and abandoning module StreamingFile (6)
[2021.11.17-17.54.09:486][180]LogModuleManager: Shutting down and abandoning module SandboxFile (4)
[2021.11.17-17.54.09:486][180]LogModuleManager: Shutting down and abandoning module PakFile (2)
[2021.11.17-17.54.09:493][180]LogExit: Exiting.
[2021.11.17-17.54.09:502][180]Log file closed, 11/17/21 20:54:09
